6.3580 	EXP 	Created window1 = Window(allowGUI=True, allowStencil=False, autoLog=True, backendConf=UNKNOWN, backgroundFit=<method-wrapper '__getattribute__' of attributeSetter object at 0x0000014829B10220>, backgroundImage=<method-wrapper '__getattribute__' of attributeSetter object at 0x0000014829B101C0>, bitsMode=UNKNOWN, blendMode='avg', bpc=(8, 8, 8), color=array([0, 0, 0]), colorSpace='rgb', depthBits=8, fullscr=<method-wrapper '__getattribute__' of attributeSetter object at 0x0000014829B01F40>, gamma=None, gammaErrorPolicy='raise', lms=UNKNOWN, monitor=<psychopy.monitors.calibTools.Monitor object at 0x000001482BA5A820>, multiSample=False, name='window1', numSamples=2, pos=(0, 0), screen=0, size=array([1920, 1080]), stencilBits=0, stereo=False, units='height', useFBO=True, useRetina=False, viewOri=0.0, viewPos=None, viewScale=None, waitBlanking=True, winType='pyglet')
6.3582 	EXP 	window1: mouseVisible = True
6.3583 	EXP 	window1: backgroundImage = ''
6.3583 	EXP 	window1: backgroundFit = 'none'
6.3584 	EXP 	window1: mouseVisible = False
6.3585 	EXP 	window1: Attempting to measure frame rate of screen (0) ...
6.3585 	EXP 	window1: recordFrameIntervals = False
6.5236 	EXP 	window1: recordFrameIntervals = True
6.7073 	EXP 	Screen (0) actual frame rate measured at 60.00Hz
6.7074 	EXP 	window1: recordFrameIntervals = False
8.0163 	EXP 	Created intro_1 = TextStim(__class__=<class 'psychopy.visual.text.TextStim'>, alignHoriz=method-wrapper(...), alignText='center', alignVert=method-wrapper(...), anchorHoriz='center', anchorVert='center', antialias=True, autoDraw=False, autoLog=True, bold=False, color=array([-1., -1., -1.]), colorSpace='rgb', contrast=1.0, depth=0.0, flipHoriz=False, flipVert=False, font='NanumGothic', fontFiles=[], height=0.05, italic=False, languageStyle='LTR', name='intro_1', opacity=1.0, ori=0.0, pos=array([0., 0.]), rgb=UNKNOWN, text='Tasks', units='height', win=Window(...), wrapWidth=1)
8.0403 	EXP 	Created intro_2 = TextStim(__class__=<class 'psychopy.visual.text.TextStim'>, alignHoriz=method-wrapper(...), alignText='center', alignVert=method-wrapper(...), anchorHoriz='center', anchorVert='center', antialias=True, autoDraw=False, autoLog=True, bold=False, color=array([-1., -1., -1.]), colorSpace='rgb', contrast=1.0, depth=0.0, flipHoriz=False, flipVert=False, font='NanumGothic', fontFiles=[], height=0.05, italic=False, languageStyle='LTR', name='intro_2', opacity=1.0, ori=0.0, pos=array([0., 0.]), rgb=UNKNOWN, text=str(...), units='height', win=Window(...), wrapWidth=1)
8.0680 	EXP 	Created Intro_3 = TextStim(__class__=<class 'psychopy.visual.text.TextStim'>, alignHoriz=method-wrapper(...), alignText='center', alignVert=method-wrapper(...), anchorHoriz='center', anchorVert='center', antialias=True, autoDraw=False, autoLog=True, bold=False, color=array([-1., -1., -1.]), colorSpace='rgb', contrast=1.0, depth=0.0, flipHoriz=False, flipVert=False, font='NanumGothic', fontFiles=[], height=0.05, italic=False, languageStyle='LTR', name='Intro_3', opacity=1.0, ori=0.0, pos=array([0., 0.]), rgb=UNKNOWN, text=str(...), units='height', win=Window(...), wrapWidth=1)
8.0686 	EXP 	Created pracintro = TextStim(__class__=<class 'psychopy.visual.text.TextStim'>, alignHoriz=method-wrapper(...), alignText='center', alignVert=method-wrapper(...), anchorHoriz='center', anchorVert='center', antialias=True, autoDraw=False, autoLog=True, bold=False, color=array([-1., -1., -1.]), colorSpace='rgb', contrast=1.0, depth=0.0, flipHoriz=False, flipVert=False, font='NanumGothic', fontFiles=[], height=0.05, italic=False, languageStyle='LTR', name='pracintro', opacity=1.0, ori=0.0, pos=array([0., 0.]), rgb=UNKNOWN, text='', units='height', win=Window(...), wrapWidth=1)
8.0780 	EXP 	Created image = ImageStim(__class__=<class 'psychopy.visual.image.ImageStim'>, anchor=('center', 'center'), autoLog=True, color=array([1., 1., 1.]), colorSpace='rgb', contrast=1.0, depth=-1.0, flipHoriz=False, flipVert=False, image='default.png', interpolate=True, mask=None, maskParams=None, name='image', opacity=1.0, ori=0.0, pos=array([0., 0.]), size=array([1.5, 0.5]), texRes=128.0, units='height', win=Window(...))
8.0788 	EXP 	Created early = TextStim(__class__=<class 'psychopy.visual.text.TextStim'>, alignHoriz=method-wrapper(...), alignText='center', alignVert=method-wrapper(...), anchorHoriz='center', anchorVert='center', antialias=True, autoDraw=False, autoLog=True, bold=False, color=array([-1., -1., -1.]), colorSpace='rgb', contrast=1.0, depth=0.0, flipHoriz=False, flipVert=False, font='Open Sans', fontFiles=[], height=0.05, italic=False, languageStyle='LTR', name='early', opacity=1.0, ori=0.0, pos=array([0., 0.]), rgb=UNKNOWN, text='', units='height', win=Window(...), wrapWidth=1)
8.0794 	EXP 	Created late = TextStim(__class__=<class 'psychopy.visual.text.TextStim'>, alignHoriz=method-wrapper(...), alignText='center', alignVert=method-wrapper(...), anchorHoriz='center', anchorVert='center', antialias=True, autoDraw=False, autoLog=True, bold=False, color=array([-1., -1., -1.]), colorSpace='rgb', contrast=1.0, depth=-2.0, flipHoriz=False, flipVert=False, font='Open Sans', fontFiles=[], height=0.05, italic=False, languageStyle='LTR', name='late', opacity=1.0, ori=0.0, pos=array([0., 0.]), rgb=UNKNOWN, text='', units='height', win=Window(...), wrapWidth=1)
8.0804 	EXP 	Created pracfeedback = TextStim(__class__=<class 'psychopy.visual.text.TextStim'>, alignHoriz=method-wrapper(...), alignText='center', alignVert=method-wrapper(...), anchorHoriz='center', anchorVert='center', antialias=True, autoDraw=False, autoLog=True, bold=False, color=array([1., 1., 1.]), colorSpace='rgb', contrast=1.0, depth=-1.0, flipHoriz=False, flipVert=False, font='Open Sans', fontFiles=[], height=0.1, italic=False, languageStyle='LTR', name='pracfeedback', opacity=1.0, ori=0.0, pos=array([0., 0.]), rgb=UNKNOWN, text='', units='height', win=Window(...), wrapWidth=1)
8.0891 	EXP 	Created intro_5 = TextStim(__class__=<class 'psychopy.visual.text.TextStim'>, alignHoriz=method-wrapper(...), alignText='center', alignVert=method-wrapper(...), anchorHoriz='center', anchorVert='center', antialias=True, autoDraw=False, autoLog=True, bold=False, color=array([-1., -1., -1.]), colorSpace='rgb', contrast=1.0, depth=0.0, flipHoriz=False, flipVert=False, font='NanumGothic', fontFiles=[], height=0.05, italic=False, languageStyle='LTR', name='intro_5', opacity=1.0, ori=0.0, pos=array([0., 0.]), rgb=UNKNOWN, text=str(...), units='height', win=Window(...), wrapWidth=1)
8.0961 	EXP 	Created text_4 = TextStim(__class__=<class 'psychopy.visual.text.TextStim'>, alignHoriz=method-wrapper(...), alignText='center', alignVert=method-wrapper(...), anchorHoriz='center', anchorVert='center', antialias=True, autoDraw=False, autoLog=True, bold=False, color=array([1., 1., 1.]), colorSpace='rgb', contrast=1.0, depth=0.0, flipHoriz=False, flipVert=False, font='Open Sans', fontFiles=[], height=0.05, italic=False, languageStyle='LTR', name='text_4', opacity=1.0, ori=0.0, pos=array([0., 0.]), rgb=UNKNOWN, text='现在请您注视屏幕上即将出现的符号，我们将进行校准', units='height', win=Window(...), wrapWidth=1)
8.0986 	EXP 	Created text_5 = TextStim(__class__=<class 'psychopy.visual.text.TextStim'>, alignHoriz=method-wrapper(...), alignText='center', alignVert=method-wrapper(...), anchorHoriz='center', anchorVert='center', antialias=True, autoDraw=False, autoLog=True, bold=False, color=array([-1., -1., -1.]), colorSpace='rgb', contrast=1.0, depth=-1.0, flipHoriz=False, flipVert=False, font='Open Sans', fontFiles=[], height=0.05, italic=False, languageStyle='LTR', name='text_5', opacity=1.0, ori=0.0, pos=array([0., 0.]), rgb=UNKNOWN, text='+', units='height', win=Window(...), wrapWidth=1)
8.1057 	EXP 	Created main_image_2 = ImageStim(__class__=<class 'psychopy.visual.image.ImageStim'>, anchor=('center', 'center'), autoLog=True, color=array([1., 1., 1.]), colorSpace='rgb', contrast=1.0, depth=0.0, flipHoriz=False, flipVert=False, image='default.png', interpolate=True, mask=None, maskParams=None, name='main_image_2', opacity=1.0, ori=0.0, pos=array([0., 0.]), size=array([1.5, 0.5]), texRes=128.0, units='height', win=Window(...))
8.1063 	EXP 	Created main_early = TextStim(__class__=<class 'psychopy.visual.text.TextStim'>, alignHoriz=method-wrapper(...), alignText='center', alignVert=method-wrapper(...), anchorHoriz='center', anchorVert='center', antialias=True, autoDraw=False, autoLog=True, bold=False, color=array([-1., -1., -1.]), colorSpace='rgb', contrast=1.0, depth=-1.0, flipHoriz=False, flipVert=False, font='Open Sans', fontFiles=[], height=0.05, italic=False, languageStyle='LTR', name='main_early', opacity=1.0, ori=0.0, pos=array([0., 0.]), rgb=UNKNOWN, text='', units='height', win=Window(...), wrapWidth=1)
8.1069 	EXP 	Created main_late = TextStim(__class__=<class 'psychopy.visual.text.TextStim'>, alignHoriz=method-wrapper(...), alignText='center', alignVert=method-wrapper(...), anchorHoriz='center', anchorVert='center', antialias=True, autoDraw=False, autoLog=True, bold=False, color=array([-1., -1., -1.]), colorSpace='rgb', contrast=1.0, depth=-3.0, flipHoriz=False, flipVert=False, font='Open Sans', fontFiles=[], height=0.05, italic=False, languageStyle='LTR', name='main_late', opacity=1.0, ori=0.0, pos=array([0., 0.]), rgb=UNKNOWN, text='', units='height', win=Window(...), wrapWidth=1)
8.1082 	EXP 	Created fix = TextStim(__class__=<class 'psychopy.visual.text.TextStim'>, alignHoriz=method-wrapper(...), alignText='center', alignVert=method-wrapper(...), anchorHoriz='center', anchorVert='center', antialias=True, autoDraw=False, autoLog=True, bold=False, color=array([-1., -1., -1.]), colorSpace='rgb', contrast=1.0, depth=-4.0, flipHoriz=False, flipVert=False, font='Open Sans', fontFiles=[], height=0.05, italic=False, languageStyle='LTR', name='fix', opacity=1.0, ori=0.0, pos=array([0., 0.]), rgb=UNKNOWN, text='+', units='height', win=Window(...), wrapWidth=1)
8.1087 	EXP 	Created text = TextStim(__class__=<class 'psychopy.visual.text.TextStim'>, alignHoriz=method-wrapper(...), alignText='center', alignVert=method-wrapper(...), anchorHoriz='center', anchorVert='center', antialias=True, autoDraw=False, autoLog=True, bold=False, color=array([-1., -1., -1.]), colorSpace='rgb', contrast=1.0, depth=0.0, flipHoriz=False, flipVert=False, font='Open Sans', fontFiles=[], height=0.05, italic=False, languageStyle='LTR', name='text', opacity=1.0, ori=0.0, pos=array([0., 0.]), rgb=UNKNOWN, text='', units='height', win=Window(...), wrapWidth=1)
8.1176 	EXP 	Created fengjing = ImageStim(__class__=<class 'psychopy.visual.image.ImageStim'>, anchor=('center', 'center'), autoLog=True, color=array([1., 1., 1.]), colorSpace='rgb', contrast=1.0, depth=-1.0, flipHoriz=False, flipVert=False, image='default.png', interpolate=True, mask=None, maskParams=None, name='fengjing', opacity=1.0, ori=0.0, pos=array([0., 0.]), size=array([2. , 1.5]), texRes=128.0, units='height', win=Window(...))
8.1198 	EXP 	Created text_2 = TextStim(__class__=<class 'psychopy.visual.text.TextStim'>, alignHoriz=method-wrapper(...), alignText='center', alignVert=method-wrapper(...), anchorHoriz='center', anchorVert='center', antialias=True, autoDraw=False, autoLog=True, bold=False, color=array([-1., -1., -1.]), colorSpace='rgb', contrast=1.0, depth=-3.0, flipHoriz=False, flipVert=False, font='Open Sans', fontFiles=[], height=0.05, italic=False, languageStyle='LTR', name='text_2', opacity=1.0, ori=0.0, pos=array([-0.3, -0.3]), rgb=UNKNOWN, text='是', units='height', win=Window(...), wrapWidth=1)
8.1219 	EXP 	Created text_3 = TextStim(__class__=<class 'psychopy.visual.text.TextStim'>, alignHoriz=method-wrapper(...), alignText='center', alignVert=method-wrapper(...), anchorHoriz='center', anchorVert='center', antialias=True, autoDraw=False, autoLog=True, bold=False, color=array([-1., -1., -1.]), colorSpace='rgb', contrast=1.0, depth=-4.0, flipHoriz=False, flipVert=False, font='Open Sans', fontFiles=[], height=0.05, italic=False, languageStyle='LTR', name='text_3', opacity=1.0, ori=0.0, pos=array([ 0.3, -0.3]), rgb=UNKNOWN, text='否', units='height', win=Window(...), wrapWidth=1)
8.1250 	EXP 	Created calibrationTarget = ShapeStim(__class__=<class 'psychopy.visual.shape.ShapeStim'>, anchor=('center', 'center'), autoDraw=False, autoLog=True, closeShape=True, color=method-wrapper(...), colorSpace='rgb', contrast=None, depth=0, fillColor=array([0, 0, 0]), fillColorSpace='rgb', fillRGB=array([0, 0, 0]), interpolate=True, lineColor=array([-1., -1., -1.]), lineColorSpace='rgb', lineRGB=array([-1, -1, -1]), lineWidth=2.0, name='calibrationTarget', opacity=1.0, ori=0.0, pos=array([0., 0.]), size=array([0.02, 0.02]), units='height', vertices=ndarray(...), win=Window(...), windingRule=None)
8.1270 	EXP 	Created calibrationTargetInner = ShapeStim(__class__=<class 'psychopy.visual.shape.ShapeStim'>, anchor=('center', 'center'), autoDraw=False, autoLog=True, closeShape=True, color=method-wrapper(...), colorSpace='rgb', contrast=None, depth=0, fillColor=array([-1.        ,  0.00392157, -1.        ]), fillColorSpace='rgb', fillRGB=array([-1.        ,  0.00392157, -1.        ]), interpolate=True, lineColor=array([-1., -1., -1.]), lineColorSpace='rgb', lineRGB=array([-1, -1, -1]), lineWidth=2.0, name='calibrationTargetInner', opacity=1.0, ori=0.0, pos=array([0., 0.]), size=array([0.007, 0.007]), units='height', vertices=ndarray(...), win=Window(...), windingRule=None)
69.0469 	EXP 	Created validationTarget = ShapeStim(__class__=<class 'psychopy.visual.shape.ShapeStim'>, anchor=('center', 'center'), autoDraw=False, autoLog=True, closeShape=True, color=method-wrapper(...), colorSpace='rgb', contrast=None, depth=0, fillColor=array([0, 0, 0]), fillColorSpace='rgb', fillRGB=array([0, 0, 0]), interpolate=True, lineColor=array([-1., -1., -1.]), lineColorSpace='rgb', lineRGB=array([-1, -1, -1]), lineWidth=2.0, name='validationTarget', opacity=1.0, ori=0.0, pos=array([0., 0.]), size=array([0.02, 0.02]), units='height', vertices=ndarray(...), win=Window(...), windingRule=None)
69.0490 	EXP 	Created validationTargetInner = ShapeStim(__class__=<class 'psychopy.visual.shape.ShapeStim'>, anchor=('center', 'center'), autoDraw=False, autoLog=True, closeShape=True, color=method-wrapper(...), colorSpace='rgb', contrast=None, depth=0, fillColor=array([-1.        ,  0.00392157, -1.        ]), fillColorSpace='rgb', fillRGB=array([-1.        ,  0.00392157, -1.        ]), interpolate=True, lineColor=array([-1., -1., -1.]), lineColorSpace='rgb', lineRGB=array([-1, -1, -1]), lineWidth=2.0, name='validationTargetInner', opacity=1.0, ori=0.0, pos=array([0., 0.]), size=array([0.007, 0.007]), units='height', vertices=ndarray(...), win=Window(...), windingRule=None)
69.1806 	EXP 	Created unnamed GratingStim = GratingStim(__class__=<class 'psychopy.visual.grating.GratingStim'>, anchor='center', autoDraw=False, autoLog=True, blendmode='avg', color=array([-1.        ,  0.00392157, -1.        ]), colorSpace='rgb', contrast=1.0, depth=0, interpolate=False, mask='gauss', maskParams=None, name='unnamed GratingStim', opacity=0.8, ori=0.0, phase=array([0., 0.]), pos=array([0., 0.]), rgbPedestal=array([0., 0., 0.]), sf=array([0.00981534, 0.00981534]), size=array([101.881344, 101.881344]), tex=None, texRes=128, units='pix', win=Window(...))
104.9093 	EXP 	Created unnamed TextStim = TextStim(__class__=<class 'psychopy.visual.text.TextStim'>, alignHoriz=method-wrapper(...), alignText='center', alignVert=method-wrapper(...), anchorHoriz='center', anchorVert='center', antialias=True, autoDraw=False, autoLog=True, bold=False, color=array([0., 0., 0.]), colorSpace='rgb255', contrast=1.0, depth=0, flipHoriz=False, flipVert=False, font='', fontFiles=[], height=24.0, italic=False, languageStyle='LTR', name='unnamed TextStim', opacity=1.0, ori=0.0, pos=array([  0., 513.]), rgb=UNKNOWN, text=str(...), units='pix', win=Window(...), wrapWidth=1536.0)
104.9155 	EXP 	Created unnamed TextStim = TextStim(__class__=<class 'psychopy.visual.text.TextStim'>, alignHoriz=method-wrapper(...), alignText='center', alignVert=method-wrapper(...), anchorHoriz='center', anchorVert='center', antialias=True, autoDraw=False, autoLog=True, bold=True, color=array([0., 0., 0.]), colorSpace='rgb255', contrast=1.0, depth=0, flipHoriz=False, flipVert=False, font='', fontFiles=[], height=20.0, italic=False, languageStyle='LTR', name='unnamed TextStim', opacity=1.0, ori=0.0, pos=array([   0., -513.]), rgb=UNKNOWN, text='Press SPACE to continue.', units='pix', win=Window(...), wrapWidth=1536.0)
107.9032 	EXP 	intro_1: autoDraw = True
107.9059 	DATA 	Keypress: space
109.9083 	EXP 	intro_1: autoDraw = False
109.9083 	EXP 	intro_1: autoDraw = False
109.9083 	EXP 	intro_2: autoDraw = True
111.3084 	EXP 	intro_2: autoDraw = False
111.3084 	EXP 	Intro_3: autoDraw = True
111.3130 	DATA 	Keypress: space
112.0785 	EXP 	Created sequence: random, trialTypes=1, nReps=3, seed=None
112.0789 	EXP 	New trial (rep=0, index=0): None
112.1085 	EXP 	Intro_3: autoDraw = False
112.1085 	EXP 	pracintro: height = 0.05
112.1085 	EXP 	pracintro: height = 0.05
112.1085 	EXP 	pracintro: height = 0.05
112.1085 	EXP 	pracintro: text = '在参与实验之前，我们先进行练习。 \n\n 为了通过练习，您必须在练习中答对 90%。 \n\n 如果您已理解，请按空格键以开始。 \n\nBefore participating in the experiment, we will pratice first.  \n\n In order to start the experiment, you must get at least 90% correct in the practice round. \n\n If you understand the explanation, please press the space bar. '
112.1085 	EXP 	pracintro: autoDraw = True
112.1096 	DATA 	Keypress: space
112.6261 	EXP 	Imported Practice_Chi.xlsx as conditions, 8 conditions, 11 params
112.6264 	EXP 	Created sequence: random, trialTypes=8, nReps=1, seed=None
112.6266 	EXP 	New trial (rep=0, index=0): {'No': 8, 'Category': 'practice', 'earlier_stim': '星期六', 'later_stim': '星期五', 'conguency': 'incongruent', 'orientation': 'Vert', 'instruction': 'late', 'corr_resp': 'up', 'Instruction_stim': 'image/Chi_late.png', 'early_position': [0, 0.3], 'late_position': [0, -0.3]}
112.6656 	EXP 	pracintro: autoDraw = False
112.6656 	EXP 	image: image = 'image/Chi_late.png'
112.6656 	EXP 	image: autoDraw = True
112.6666 	DATA 	Keypress: space
113.6414 	EXP 	image: autoDraw = False
113.6414 	EXP 	early: height = 0.05
113.6414 	EXP 	early: height = 0.05
113.6414 	EXP 	early: height = 0.05
113.6414 	EXP 	early: text = '星期六'
113.6414 	EXP 	late: height = 0.05
113.6414 	EXP 	late: height = 0.05
113.6414 	EXP 	late: height = 0.05
113.6414 	EXP 	late: text = '星期五'
113.6414 	EXP 	early: autoDraw = True
113.6414 	EXP 	late: autoDraw = True
115.2413 	EXP 	early: autoDraw = False
115.2413 	EXP 	late: autoDraw = False
115.2413 	EXP 	pracfeedback: foreColor = <psychopy.colors.Color: green, alpha=1.0>
115.2413 	EXP 	pracfeedback: height = 0.1
115.2413 	EXP 	pracfeedback: height = 0.1
115.2413 	EXP 	pracfeedback: height = 0.1
115.2413 	EXP 	pracfeedback: text = 'Correct! \nScore = 100.0%'
115.2413 	EXP 	pracfeedback: autoDraw = True
115.2420 	DATA 	Keypress: up
116.2261 	EXP 	New trial (rep=0, index=1): {'No': 5, 'Category': 'practice', 'earlier_stim': '星期二', 'later_stim': '星期一', 'conguency': 'incongruent', 'orientation': 'Hori', 'instruction': 'early', 'corr_resp': 'right', 'Instruction_stim': 'image/Chi_early.png', 'early_position': [-0.3, 0], 'late_position': [0.3, 0]}
116.2475 	EXP 	pracfeedback: autoDraw = False
116.2475 	EXP 	pracfeedback: autoDraw = False
116.2475 	EXP 	image: image = 'image/Chi_early.png'
116.2475 	EXP 	image: autoDraw = True
117.2580 	EXP 	image: autoDraw = False
117.2580 	EXP 	early: height = 0.05
117.2580 	EXP 	early: height = 0.05
117.2580 	EXP 	early: height = 0.05
117.2580 	EXP 	early: text = '星期二'
117.2580 	EXP 	late: height = 0.05
117.2580 	EXP 	late: height = 0.05
117.2580 	EXP 	late: height = 0.05
117.2580 	EXP 	late: text = '星期一'
117.2580 	EXP 	early: autoDraw = True
117.2580 	EXP 	late: autoDraw = True
118.2915 	EXP 	early: autoDraw = False
118.2915 	EXP 	late: autoDraw = False
118.2915 	EXP 	pracfeedback: foreColor = <psychopy.colors.Color: green, alpha=1.0>
118.2915 	EXP 	pracfeedback: text = 'Correct! \nScore = 100.0%'
118.2915 	EXP 	pracfeedback: autoDraw = True
118.2947 	DATA 	Keypress: right
119.2763 	EXP 	New trial (rep=0, index=2): {'No': 6, 'Category': 'practice', 'earlier_stim': '星期四', 'later_stim': '星期三 ', 'conguency': 'incongruent', 'orientation': 'Hori', 'instruction': 'late', 'corr_resp': 'left', 'Instruction_stim': 'image/Chi_late.png', 'early_position': [-0.3, 0], 'late_position': [0.3, 0]}
119.2939 	EXP 	pracfeedback: autoDraw = False
119.2939 	EXP 	pracfeedback: autoDraw = False
119.2939 	EXP 	image: image = 'image/Chi_late.png'
119.2939 	EXP 	image: autoDraw = True
120.3081 	EXP 	image: autoDraw = False
120.3081 	EXP 	early: height = 0.05
120.3081 	EXP 	early: height = 0.05
120.3081 	EXP 	early: height = 0.05
120.3081 	EXP 	early: text = '星期四'
120.3081 	EXP 	late: height = 0.05
120.3081 	EXP 	late: height = 0.05
120.3081 	EXP 	late: height = 0.05
120.3081 	EXP 	late: text = '星期三 '
120.3081 	EXP 	early: autoDraw = True
120.3081 	EXP 	late: autoDraw = True
120.9582 	EXP 	early: autoDraw = False
120.9582 	EXP 	late: autoDraw = False
120.9582 	EXP 	pracfeedback: foreColor = <psychopy.colors.Color: green, alpha=1.0>
120.9582 	EXP 	pracfeedback: text = 'Correct! \nScore = 100.0%'
120.9582 	EXP 	pracfeedback: autoDraw = True
120.9607 	DATA 	Keypress: left
121.9427 	EXP 	New trial (rep=0, index=3): {'No': 7, 'Category': 'practice', 'earlier_stim': '星期三 ', 'later_stim': '星期二', 'conguency': 'incongruent', 'orientation': 'Vert', 'instruction': 'early', 'corr_resp': 'down', 'Instruction_stim': 'image/Chi_early.png', 'early_position': [0, 0.3], 'late_position': [0, -0.3]}
121.9593 	EXP 	pracfeedback: autoDraw = False
121.9593 	EXP 	pracfeedback: autoDraw = False
121.9593 	EXP 	image: image = 'image/Chi_early.png'
121.9593 	EXP 	image: autoDraw = True
122.9582 	EXP 	image: autoDraw = False
122.9582 	EXP 	image: autoDraw = False
122.9582 	EXP 	early: height = 0.05
122.9582 	EXP 	early: height = 0.05
122.9582 	EXP 	early: height = 0.05
122.9582 	EXP 	early: text = '星期三 '
122.9582 	EXP 	late: height = 0.05
122.9582 	EXP 	late: height = 0.05
122.9582 	EXP 	late: height = 0.05
122.9582 	EXP 	late: text = '星期二'
122.9582 	EXP 	early: autoDraw = True
122.9582 	EXP 	late: autoDraw = True
123.9250 	EXP 	early: autoDraw = False
123.9250 	EXP 	late: autoDraw = False
123.9250 	EXP 	pracfeedback: foreColor = <psychopy.colors.Color: green, alpha=1.0>
123.9250 	EXP 	pracfeedback: text = 'Correct! \nScore = 100.0%'
123.9250 	EXP 	pracfeedback: autoDraw = True
123.9279 	DATA 	Keypress: down
124.9096 	EXP 	New trial (rep=0, index=4): {'No': 2, 'Category': 'practice', 'earlier_stim': '星期五', 'later_stim': '星期六', 'conguency': 'congruent', 'orientation': 'Hori', 'instruction': 'late', 'corr_resp': 'right', 'Instruction_stim': 'image/Chi_late.png', 'early_position': [-0.3, 0], 'late_position': [0.3, 0]}
124.9259 	EXP 	pracfeedback: autoDraw = False
124.9259 	EXP 	pracfeedback: autoDraw = False
124.9259 	EXP 	image: image = 'image/Chi_late.png'
124.9259 	EXP 	image: autoDraw = True
125.9247 	EXP 	image: autoDraw = False
125.9247 	EXP 	image: autoDraw = False
125.9247 	EXP 	early: height = 0.05
125.9247 	EXP 	early: height = 0.05
125.9247 	EXP 	early: height = 0.05
125.9247 	EXP 	early: text = '星期五'
125.9247 	EXP 	late: height = 0.05
125.9247 	EXP 	late: height = 0.05
125.9247 	EXP 	late: height = 0.05
125.9247 	EXP 	late: text = '星期六'
125.9247 	EXP 	early: autoDraw = True
125.9247 	EXP 	late: autoDraw = True
126.6582 	EXP 	early: autoDraw = False
126.6582 	EXP 	late: autoDraw = False
126.6582 	EXP 	pracfeedback: foreColor = <psychopy.colors.Color: green, alpha=1.0>
126.6582 	EXP 	pracfeedback: text = 'Correct! \nScore = 100.0%'
126.6582 	EXP 	pracfeedback: autoDraw = True
126.6610 	DATA 	Keypress: right
127.6429 	EXP 	New trial (rep=0, index=5): {'No': 4, 'Category': 'practice', 'earlier_stim': '星期日', 'later_stim': '星期一', 'conguency': 'congruent', 'orientation': 'Vert', 'instruction': 'late', 'corr_resp': 'down', 'Instruction_stim': 'image/Chi_late.png', 'early_position': [0, 0.3], 'late_position': [0, -0.3]}
127.6586 	EXP 	pracfeedback: autoDraw = False
127.6586 	EXP 	pracfeedback: autoDraw = False
127.6586 	EXP 	image: image = 'image/Chi_late.png'
127.6586 	EXP 	image: autoDraw = True
128.6581 	EXP 	image: autoDraw = False
128.6581 	EXP 	image: autoDraw = False
128.6581 	EXP 	early: height = 0.05
128.6581 	EXP 	early: height = 0.05
128.6581 	EXP 	early: height = 0.05
128.6581 	EXP 	early: text = '星期日'
128.6581 	EXP 	late: height = 0.05
128.6581 	EXP 	late: height = 0.05
128.6581 	EXP 	late: height = 0.05
128.6581 	EXP 	late: text = '星期一'
128.6581 	EXP 	early: autoDraw = True
128.6581 	EXP 	late: autoDraw = True
129.8916 	EXP 	early: autoDraw = False
129.8916 	EXP 	late: autoDraw = False
129.8916 	EXP 	pracfeedback: foreColor = <psychopy.colors.Color: green, alpha=1.0>
129.8916 	EXP 	pracfeedback: text = 'Correct! \nScore = 100.0%'
129.8916 	EXP 	pracfeedback: autoDraw = True
129.8946 	DATA 	Keypress: down
130.8763 	EXP 	New trial (rep=0, index=6): {'No': 3, 'Category': 'practice', 'earlier_stim': '星期一', 'later_stim': '星期二', 'conguency': 'congruent', 'orientation': 'Vert', 'instruction': 'early', 'corr_resp': 'up', 'Instruction_stim': 'image/Chi_early.png', 'early_position': [0, 0.3], 'late_position': [0, -0.3]}
130.8927 	EXP 	pracfeedback: autoDraw = False
130.8927 	EXP 	pracfeedback: autoDraw = False
130.8927 	EXP 	image: image = 'image/Chi_early.png'
130.8927 	EXP 	image: autoDraw = True
131.9080 	EXP 	image: autoDraw = False
131.9080 	EXP 	early: height = 0.05
131.9080 	EXP 	early: height = 0.05
131.9080 	EXP 	early: height = 0.05
131.9080 	EXP 	early: text = '星期一'
131.9080 	EXP 	late: height = 0.05
131.9080 	EXP 	late: height = 0.05
131.9080 	EXP 	late: height = 0.05
131.9080 	EXP 	late: text = '星期二'
131.9080 	EXP 	early: autoDraw = True
131.9080 	EXP 	late: autoDraw = True
133.9954 	DATA 	Keypress: up
134.0082 	EXP 	early: autoDraw = False
134.0082 	EXP 	late: autoDraw = False
134.0082 	EXP 	pracfeedback: foreColor = <psychopy.colors.Color: green, alpha=1.0>
134.0082 	EXP 	pracfeedback: text = 'Correct! \nScore = 100.0%'
134.0082 	EXP 	pracfeedback: autoDraw = True
134.9930 	EXP 	New trial (rep=0, index=7): {'No': 1, 'Category': 'practice', 'earlier_stim': '星期三 ', 'later_stim': '星期四', 'conguency': 'congruent', 'orientation': 'Hori', 'instruction': 'early', 'corr_resp': 'left', 'Instruction_stim': 'image/Chi_early.png', 'early_position': [-0.3, 0], 'late_position': [0.3, 0]}
135.0085 	EXP 	pracfeedback: autoDraw = False
135.0085 	EXP 	pracfeedback: autoDraw = False
135.0085 	EXP 	image: image = 'image/Chi_early.png'
135.0085 	EXP 	image: autoDraw = True
136.0082 	EXP 	image: autoDraw = False
136.0082 	EXP 	image: autoDraw = False
136.0082 	EXP 	early: height = 0.05
136.0082 	EXP 	early: height = 0.05
136.0082 	EXP 	early: height = 0.05
136.0082 	EXP 	early: text = '星期三 '
136.0082 	EXP 	late: height = 0.05
136.0082 	EXP 	late: height = 0.05
136.0082 	EXP 	late: height = 0.05
136.0082 	EXP 	late: text = '星期四'
136.0082 	EXP 	early: autoDraw = True
136.0082 	EXP 	late: autoDraw = True
137.5416 	EXP 	early: autoDraw = False
137.5416 	EXP 	late: autoDraw = False
137.5416 	EXP 	pracfeedback: foreColor = <psychopy.colors.Color: green, alpha=1.0>
137.5416 	EXP 	pracfeedback: text = 'Correct! \nScore = 100.0%'
137.5416 	EXP 	pracfeedback: autoDraw = True
137.5442 	DATA 	Keypress: left
138.5415 	EXP 	pracfeedback: autoDraw = False
138.5415 	EXP 	pracfeedback: autoDraw = False
138.5415 	EXP 	intro_5: autoDraw = True
139.8416 	EXP 	intro_5: autoDraw = False
139.8416 	EXP 	text_4: autoDraw = True
139.8447 	DATA 	Keypress: space
141.8415 	EXP 	text_4: autoDraw = False
141.8415 	EXP 	text_5: autoDraw = True
141.8417 	EXP 	eyetracker.clearEvents()
141.8479 	EXP 	eyetracker.setRecordingState(True)
145.8415 	EXP 	text_5: autoDraw = False
145.8423 	EXP 	eyetracker.setRecordingState(False)
145.8524 	EXP 	Imported blocks/Block 1.csv as conditions, 50 conditions, 12 params
145.8527 	EXP 	Created sequence: random, trialTypes=50, nReps=1, seed=None
145.8530 	EXP 	New trial (rep=0, index=0): OrderedDict([('No', 116), ('Category', 'Week'), ('earlier_stim', '星期六'), ('later_stim', '星期日'), ('distance', 1), ('congruency', 'congruent'), ('orientation', 'Vert'), ('instruction', 'early'), ('corr_resp', 'up'), ('Instruction_stim', 'image/Chi_early.png'), ('early_position', [0, 0.3]), ('late_position', [0, -0.3])])
145.8693 	EXP 	text_4: autoDraw = False
145.8693 	EXP 	text_5: autoDraw = False
145.8693 	EXP 	main_image_2: image = 'image/Chi_early.png'
145.8693 	EXP 	main_early: height = 0.05
145.8693 	EXP 	main_early: height = 0.05
145.8693 	EXP 	main_early: height = 0.05
145.8693 	EXP 	main_early: text = '星期六'
145.8693 	EXP 	main_late: height = 0.05
145.8693 	EXP 	main_late: height = 0.05
145.8693 	EXP 	main_late: height = 0.05
145.8693 	EXP 	main_late: text = '星期日'
145.8693 	EXP 	main_image_2: autoDraw = True
146.8417 	EXP 	fix: autoDraw = True
146.8419 	EXP 	eyetracker.clearEvents()
146.8429 	EXP 	eyetracker.setRecordingState(True)
146.8748 	EXP 	main_image_2: autoDraw = False
147.3414 	EXP 	main_early: autoDraw = True
147.3414 	EXP 	main_late: autoDraw = True
147.3414 	EXP 	fix: autoDraw = False
147.9320 	EXP 	eyetracker.setRecordingState(False)
147.9325 	EXP 	New trial (rep=0, index=1): OrderedDict([('No', 34), ('Category', 'Month'), ('earlier_stim', '六月'), ('later_stim', '二月'), ('distance', 4), ('congruency', 'incongruent'), ('orientation', 'Hori'), ('instruction', 'early'), ('corr_resp', 'right'), ('Instruction_stim', 'image/Chi_early.png'), ('early_position', [-0.3, 0]), ('late_position', [0.3, 0])])
147.9495 	EXP 	main_image_2: autoDraw = False
147.9495 	EXP 	main_early: autoDraw = False
147.9495 	EXP 	main_late: autoDraw = False
147.9495 	EXP 	fix: autoDraw = False
147.9495 	EXP 	main_image_2: image = 'image/Chi_early.png'
147.9495 	EXP 	main_early: height = 0.05
147.9495 	EXP 	main_early: height = 0.05
147.9495 	EXP 	main_early: height = 0.05
147.9495 	EXP 	main_early: text = '六月'
147.9495 	EXP 	main_late: height = 0.05
147.9495 	EXP 	main_late: height = 0.05
147.9495 	EXP 	main_late: height = 0.05
147.9495 	EXP 	main_late: text = '二月'
147.9495 	EXP 	main_image_2: autoDraw = True
147.9501 	DATA 	Keypress: up
148.9417 	EXP 	fix: autoDraw = True
148.9421 	EXP 	eyetracker.clearEvents()
148.9483 	EXP 	eyetracker.setRecordingState(True)
148.9583 	EXP 	main_image_2: autoDraw = False
149.4416 	EXP 	main_early: autoDraw = True
149.4416 	EXP 	main_late: autoDraw = True
149.4416 	EXP 	fix: autoDraw = False
151.0112 	EXP 	eyetracker.setRecordingState(False)
151.0118 	EXP 	New trial (rep=0, index=2): OrderedDict([('No', 150), ('Category', 'Week'), ('earlier_stim', '星期日'), ('later_stim', '星期五'), ('distance', 2), ('congruency', 'incongruent'), ('orientation', 'Vert'), ('instruction', 'late'), ('corr_resp', 'up'), ('Instruction_stim', 'image/Chi_late.png'), ('early_position', [0, 0.3]), ('late_position', [0, -0.3])])
151.0286 	EXP 	main_image_2: autoDraw = False
151.0286 	EXP 	main_early: autoDraw = False
151.0286 	EXP 	main_late: autoDraw = False
151.0286 	EXP 	fix: autoDraw = False
151.0286 	EXP 	main_image_2: image = 'image/Chi_late.png'
151.0286 	EXP 	main_early: height = 0.05
151.0286 	EXP 	main_early: height = 0.05
151.0286 	EXP 	main_early: height = 0.05
151.0286 	EXP 	main_early: text = '星期日'
151.0286 	EXP 	main_late: height = 0.05
151.0286 	EXP 	main_late: height = 0.05
151.0286 	EXP 	main_late: height = 0.05
151.0286 	EXP 	main_late: text = '星期五'
151.0286 	EXP 	main_image_2: autoDraw = True
151.0294 	DATA 	Keypress: left
151.0771 	DATA 	Keypress: up
152.0251 	EXP 	fix: autoDraw = True
152.0254 	EXP 	eyetracker.clearEvents()
152.0313 	EXP 	eyetracker.setRecordingState(True)
152.0416 	EXP 	main_image_2: autoDraw = False
152.5248 	EXP 	main_early: autoDraw = True
152.5248 	EXP 	main_late: autoDraw = True
152.5248 	EXP 	fix: autoDraw = False
153.0809 	EXP 	eyetracker.setRecordingState(False)
153.0814 	EXP 	New trial (rep=0, index=3): OrderedDict([('No', 13), ('Category', 'Month'), ('earlier_stim', '四月'), ('later_stim', '七月'), ('distance', 3), ('congruency', 'congruent'), ('orientation', 'Hori'), ('instruction', 'late'), ('corr_resp', 'right'), ('Instruction_stim', 'image/Chi_late.png'), ('early_position', [-0.3, 0]), ('late_position', [0.3, 0])])
153.0976 	EXP 	main_image_2: autoDraw = False
153.0976 	EXP 	main_early: autoDraw = False
153.0976 	EXP 	main_late: autoDraw = False
153.0976 	EXP 	fix: autoDraw = False
153.0976 	EXP 	main_image_2: image = 'image/Chi_late.png'
153.0976 	EXP 	main_early: height = 0.05
153.0976 	EXP 	main_early: height = 0.05
153.0976 	EXP 	main_early: height = 0.05
153.0976 	EXP 	main_early: text = '四月'
153.0976 	EXP 	main_late: height = 0.05
153.0976 	EXP 	main_late: height = 0.05
153.0976 	EXP 	main_late: height = 0.05
153.0976 	EXP 	main_late: text = '七月'
153.0976 	EXP 	main_image_2: autoDraw = True
153.0984 	DATA 	Keypress: up
154.0918 	EXP 	fix: autoDraw = True
154.0921 	EXP 	eyetracker.clearEvents()
154.0988 	EXP 	eyetracker.setRecordingState(True)
154.1083 	EXP 	main_image_2: autoDraw = False
154.5916 	EXP 	main_early: autoDraw = True
154.5916 	EXP 	main_late: autoDraw = True
154.5916 	EXP 	fix: autoDraw = False
155.1607 	EXP 	eyetracker.setRecordingState(False)
155.1610 	EXP 	New trial (rep=0, index=4): OrderedDict([('No', 142), ('Category', 'Week'), ('earlier_stim', '星期五'), ('later_stim', '星期四'), ('distance', 1), ('congruency', 'incongruent'), ('orientation', 'Vert'), ('instruction', 'early'), ('corr_resp', 'down'), ('Instruction_stim', 'image/Chi_early.png'), ('early_position', [0, 0.3]), ('late_position', [0, -0.3])])
155.1798 	DATA 	Keypress: up
155.1822 	EXP 	main_image_2: autoDraw = False
155.1822 	EXP 	main_early: autoDraw = False
155.1822 	EXP 	main_late: autoDraw = False
155.1822 	EXP 	fix: autoDraw = False
155.1822 	EXP 	main_image_2: image = 'image/Chi_early.png'
155.1822 	EXP 	main_early: height = 0.05
155.1822 	EXP 	main_early: height = 0.05
155.1822 	EXP 	main_early: height = 0.05
155.1822 	EXP 	main_early: text = '星期五'
155.1822 	EXP 	main_late: height = 0.05
155.1822 	EXP 	main_late: height = 0.05
155.1822 	EXP 	main_late: height = 0.05
155.1822 	EXP 	main_late: text = '星期四'
155.1822 	EXP 	main_image_2: autoDraw = True
155.6104 	DATA 	Keypress: up
155.9937 	DATA 	Keypress: up
156.1750 	EXP 	fix: autoDraw = True
156.1753 	EXP 	eyetracker.clearEvents()
156.1763 	EXP 	eyetracker.setRecordingState(True)
156.1915 	EXP 	main_image_2: autoDraw = False
156.3111 	DATA 	Keypress: up
156.6749 	EXP 	main_early: autoDraw = True
156.6749 	EXP 	main_late: autoDraw = True
156.6749 	EXP 	fix: autoDraw = False
161.4113 	DATA 	Keypress: escape
162.2417 	EXP 	window1: mouseVisible = True
