7.1037 	INFO 	Loaded monitor calibration from ['2023_03_30 14:40']
7.8522 	DEBUG 	TextBox2 loaded 1 chars with 0 blanks and 1 valid
7.8535 	DEBUG 	TextBox2 loaded 1 chars with 0 blanks and 1 valid
7.8547 	DEBUG 	TextBox2 loaded 1 chars with 0 blanks and 1 valid
7.8563 	DEBUG 	TextBox2 loaded 1 chars with 0 blanks and 1 valid
7.8578 	DEBUG 	TextBox2 loaded 1 chars with 0 blanks and 1 valid
7.8586 	DEBUG 	TextBox2 loaded 1 chars with 0 blanks and 1 valid
7.8598 	DEBUG 	TextBox2 loaded 1 chars with 0 blanks and 1 valid
7.8614 	DEBUG 	TextBox2 loaded 1 chars with 0 blanks and 1 valid
7.8620 	DEBUG 	TextBox2 loaded 1 chars with 0 blanks and 1 valid
7.8627 	DEBUG 	TextBox2 loaded 1 chars with 0 blanks and 1 valid
7.8639 	DEBUG 	TextBox2 loaded 1 chars with 0 blanks and 1 valid
7.8651 	DEBUG 	TextBox2 loaded 1 chars with 0 blanks and 1 valid
7.8663 	DEBUG 	TextBox2 loaded 1 chars with 0 blanks and 1 valid
7.8674 	DEBUG 	TextBox2 loaded 1 chars with 0 blanks and 1 valid
7.8684 	DEBUG 	TextBox2 loaded 1 chars with 0 blanks and 1 valid
7.8698 	DEBUG 	TextBox2 loaded 1 chars with 0 blanks and 1 valid
7.8709 	DEBUG 	TextBox2 loaded 1 chars with 0 blanks and 1 valid
7.8716 	DEBUG 	TextBox2 loaded 1 chars with 0 blanks and 1 valid
7.8724 	DEBUG 	TextBox2 loaded 1 chars with 0 blanks and 1 valid
7.8739 	DEBUG 	TextBox2 loaded 1 chars with 0 blanks and 1 valid
7.8745 	DEBUG 	TextBox2 loaded 1 chars with 0 blanks and 1 valid
7.8747 	DEBUG 	Uploading Texture Font fontname to graphics card
7.8847 	DEBUG 	Upload of Texture Font fontname complete
7.8998 	DEBUG 	TextBox2 loaded 1 chars with 0 blanks and 1 valid
7.9015 	DEBUG 	TextBox2 loaded 1 chars with 0 blanks and 1 valid
7.9030 	DEBUG 	TextBox2 loaded 1 chars with 0 blanks and 1 valid
7.9032 	DEBUG 	Uploading Texture Font fontname to graphics card
7.9142 	DEBUG 	Upload of Texture Font fontname complete
8.2587 	EXP 	Created window1 = Window(allowGUI=True, allowStencil=False, autoLog=True, backendConf=UNKNOWN, backgroundFit=<method-wrapper '__getattribute__' of attributeSetter object at 0x000001811B1B7400>, backgroundImage=<method-wrapper '__getattribute__' of attributeSetter object at 0x000001811B1B73A0>, bitsMode=UNKNOWN, blendMode='avg', bpc=(8, 8, 8), color=array([0, 0, 0]), colorSpace='rgb', depthBits=8, fullscr=<method-wrapper '__getattribute__' of attributeSetter object at 0x000001811B1B71F0>, gamma=None, gammaErrorPolicy='raise', lms=UNKNOWN, monitor=<psychopy.monitors.calibTools.Monitor object at 0x000001811B357220>, multiSample=False, name='window1', numSamples=2, pos=(320, 60), screen=0, size=array([1280,  960]), stencilBits=0, stereo=False, title='PsychoPy', units='height', useFBO=True, useRetina=False, viewOri=0.0, viewPos=None, viewScale=None, waitBlanking=True, winType='pyglet')
8.2589 	EXP 	window1: mouseVisible = True
8.2589 	EXP 	window1: backgroundImage = ''
8.2590 	EXP 	window1: backgroundFit = 'none'
8.2619 	EXP 	window1: Attempting to measure frame rate of screen (0) ...
8.2619 	EXP 	window1: recordFrameIntervals = False
8.4246 	EXP 	window1: recordFrameIntervals = True
8.6082 	EXP 	Screen (0) actual frame rate measured at 59.94Hz
8.6083 	EXP 	window1: recordFrameIntervals = False
8.6084 	EXP 	window1: mouseVisible = True
8.6249 	WARNING 	launchHubServer: If using the iohub mouse or eyetracker devices, fullScr should be True.
10.0004 	EXP 	window1: mouseVisible = True
10.0025 	DEBUG 	Saving data for ETchi ExperimentHandler
10.0034 	INFO 	saved data to C:\Users\LangCog\Desktop\Erxiao Wang & Wanjun Xiong\2023Fall_psychopy\et-project_chi\data/12_ETchi_2023-11-06_16h10.41.029.psydat
10.0042 	INFO 	saved data to 'C:\\Users\\LangCog\\Desktop\\Erxiao Wang & Wanjun Xiong\\2023Fall_psychopy\\et-project_chi\\data/12_ETchi_2023-11-06_16h10.41.029.csv'
