3.0511 	ERROR 	Support for the `sounddevice` audio backend is not available this session. Please install `psychopy-sounddevice` and restart the session to enable support.
12.3860 	INFO 	Loaded monitor calibration from ['2022_10_20 13:53']
12.7595 	DEBUG 	TextBox2 loaded 1 chars with 0 blanks and 1 valid
12.7612 	DEBUG 	TextBox2 loaded 1 chars with 0 blanks and 1 valid
12.7630 	DEBUG 	TextBox2 loaded 1 chars with 0 blanks and 1 valid
12.7658 	DEBUG 	TextBox2 loaded 1 chars with 0 blanks and 1 valid
12.7683 	DEBUG 	TextBox2 loaded 1 chars with 0 blanks and 1 valid
12.7692 	DEBUG 	TextBox2 loaded 1 chars with 0 blanks and 1 valid
12.7710 	DEBUG 	TextBox2 loaded 1 chars with 0 blanks and 1 valid
12.7736 	DEBUG 	TextBox2 loaded 1 chars with 0 blanks and 1 valid
12.7741 	DEBUG 	TextBox2 loaded 1 chars with 0 blanks and 1 valid
12.7745 	DEBUG 	TextBox2 loaded 1 chars with 0 blanks and 1 valid
12.7764 	DEBUG 	TextBox2 loaded 1 chars with 0 blanks and 1 valid
12.7782 	DEBUG 	TextBox2 loaded 1 chars with 0 blanks and 1 valid
12.7797 	DEBUG 	TextBox2 loaded 1 chars with 0 blanks and 1 valid
12.7815 	DEBUG 	TextBox2 loaded 1 chars with 0 blanks and 1 valid
12.7828 	DEBUG 	TextBox2 loaded 1 chars with 0 blanks and 1 valid
12.7849 	DEBUG 	TextBox2 loaded 1 chars with 0 blanks and 1 valid
12.7866 	DEBUG 	TextBox2 loaded 1 chars with 0 blanks and 1 valid
12.7872 	DEBUG 	TextBox2 loaded 1 chars with 0 blanks and 1 valid
12.7880 	DEBUG 	TextBox2 loaded 1 chars with 0 blanks and 1 valid
12.7908 	DEBUG 	TextBox2 loaded 1 chars with 0 blanks and 1 valid
12.7912 	DEBUG 	TextBox2 loaded 1 chars with 0 blanks and 1 valid
12.7922 	DEBUG 	Uploading Texture Font fontname to graphics card
12.7972 	DEBUG 	Upload of Texture Font fontname complete
12.8262 	DEBUG 	TextBox2 loaded 1 chars with 0 blanks and 1 valid
12.8289 	DEBUG 	TextBox2 loaded 1 chars with 0 blanks and 1 valid
12.8315 	DEBUG 	TextBox2 loaded 1 chars with 0 blanks and 1 valid
12.8317 	DEBUG 	Uploading Texture Font fontname to graphics card
12.8353 	DEBUG 	Upload of Texture Font fontname complete
13.8856 	WARNING 	Couldn't measure a consistent frame rate!
  - Is your graphics card set to sync to vertical blank?
  - Are you running other processes on your computer?

13.8860 	EXP 	Created window1 = Window(allowGUI=True, allowStencil=False, autoLog=True, backendConf=UNKNOWN, backgroundFit=<method-wrapper '__getattribute__' of attributeSetter object at 0x7f9782964b50>, backgroundImage=<method-wrapper '__getattribute__' of attributeSetter object at 0x7f9782964af0>, bitsMode=UNKNOWN, blendMode='avg', bpc=(8, 8, 8), color=array([0, 0, 0]), colorSpace='rgb', depthBits=8, fullscr=<method-wrapper '__getattribute__' of attributeSetter object at 0x7f9782964940>, gamma=None, gammaErrorPolicy='raise', lms=UNKNOWN, monitor=<psychopy.monitors.calibTools.Monitor object at 0x7f9782c522b0>, multiSample=False, name='window1', numSamples=2, pos=[367.5, 239.0], screen=0, size=array([2940, 1912]), stencilBits=0, stereo=False, title='PsychoPy', units='height', useFBO=True, useRetina=True, viewOri=0.0, viewPos=None, viewScale=None, waitBlanking=True, winType='pyglet')
13.8924 	EXP 	window1: mouseVisible = True
13.8924 	EXP 	window1: backgroundImage = ''
13.8924 	EXP 	window1: backgroundFit = 'none'
13.8956 	EXP 	window1: Attempting to measure frame rate of screen (0) ...
13.8957 	EXP 	window1: recordFrameIntervals = False
13.9754 	EXP 	window1: recordFrameIntervals = True
14.8072 	WARNING 	Couldn't measure a consistent frame rate!
  - Is your graphics card set to sync to vertical blank?
  - Are you running other processes on your computer?

14.8079 	EXP 	window1: mouseVisible = False
18.9663 	INFO 	keyboard.Keyboard is using iohub backend.
18.9664 	EXP 	ETchi: status = STARTED
18.9716 	EXP 	window1: mouseVisible = True
19.0119 	EXP 	Created intro_1 = TextStim(__class__=<class 'psychopy.visual.text.TextStim'>, alignHoriz=method-wrapper(...), alignText='center', alignVert=method-wrapper(...), anchorHoriz='center', anchorVert='center', antialias=True, autoDraw=False, autoLog=True, bold=False, color=array([-1., -1., -1.]), colorSpace='rgb', contrast=1.0, depth=0.0, draggable=False, flipHoriz=False, flipVert=False, font='NanumGothic', fontFiles=[], height=0.05, italic=False, languageStyle='LTR', name='intro_1', opacity=1.0, ori=0.0, pos=array([0., 0.]), rgb=UNKNOWN, text=' Tasks', units='height', win=Window(...), wrapWidth=1)
19.0162 	EXP 	window1: mouseVisible = True
19.0768 	EXP 	Created intro_2 = TextStim(__class__=<class 'psychopy.visual.text.TextStim'>, alignHoriz=method-wrapper(...), alignText='center', alignVert=method-wrapper(...), anchorHoriz='center', anchorVert='center', antialias=True, autoDraw=False, autoLog=True, bold=False, color=array([-1., -1., -1.]), colorSpace='rgb', contrast=1.0, depth=0.0, draggable=False, flipHoriz=False, flipVert=False, font='NanumGothic', fontFiles=[], height=0.05, italic=False, languageStyle='LTR', name='intro_2', opacity=1.0, ori=0.0, pos=array([0., 0.]), rgb=UNKNOWN, text=str(...), units='height', win=Window(...), wrapWidth=1)
19.0769 	INFO 	keyboard.Keyboard is using iohub backend.
19.0813 	EXP 	window1: mouseVisible = True
19.1493 	EXP 	Created Intro_3 = TextStim(__class__=<class 'psychopy.visual.text.TextStim'>, alignHoriz=method-wrapper(...), alignText='center', alignVert=method-wrapper(...), anchorHoriz='center', anchorVert='center', antialias=True, autoDraw=False, autoLog=True, bold=False, color=array([-1., -1., -1.]), colorSpace='rgb', contrast=1.0, depth=0.0, draggable=False, flipHoriz=False, flipVert=False, font='NanumGothic', fontFiles=[], height=0.05, italic=False, languageStyle='LTR', name='Intro_3', opacity=1.0, ori=0.0, pos=array([0., 0.]), rgb=UNKNOWN, text=str(...), units='height', win=Window(...), wrapWidth=1)
19.1493 	INFO 	keyboard.Keyboard is using iohub backend.
19.1534 	EXP 	window1: mouseVisible = True
19.1546 	EXP 	Created pracintro = TextStim(__class__=<class 'psychopy.visual.text.TextStim'>, alignHoriz=method-wrapper(...), alignText='center', alignVert=method-wrapper(...), anchorHoriz='center', anchorVert='center', antialias=True, autoDraw=False, autoLog=True, bold=False, color=array([-1., -1., -1.]), colorSpace='rgb', contrast=1.0, depth=0.0, draggable=False, flipHoriz=False, flipVert=False, font='NanumGothic', fontFiles=[], height=0.05, italic=False, languageStyle='LTR', name='pracintro', opacity=1.0, ori=0.0, pos=array([0., 0.]), rgb=UNKNOWN, text='', units='height', win=Window(...), wrapWidth=1)
19.1547 	INFO 	keyboard.Keyboard is using iohub backend.
19.1585 	EXP 	window1: mouseVisible = True
19.1881 	EXP 	Created image = ImageStim(__class__=<class 'psychopy.visual.image.ImageStim'>, anchor=('center', 'center'), autoLog=True, color=array([1., 1., 1.]), colorSpace='rgb', contrast=1.0, depth=-1.0, draggable=False, flipHoriz=False, flipVert=False, image='default.png', interpolate=True, mask=None, maskParams=None, name='image', opacity=1.0, ori=0.0, pos=array([0., 0.]), size=array([2. , 0.7]), texRes=128.0, units='height', win=Window(...))
19.1922 	EXP 	window1: mouseVisible = True
19.1970 	EXP 	Created early = TextStim(__class__=<class 'psychopy.visual.text.TextStim'>, alignHoriz=method-wrapper(...), alignText='center', alignVert=method-wrapper(...), anchorHoriz='center', anchorVert='center', antialias=True, autoDraw=False, autoLog=True, bold=False, color=array([-1., -1., -1.]), colorSpace='rgb', contrast=1.0, depth=0.0, draggable=False, flipHoriz=False, flipVert=False, font='Open Sans', fontFiles=[], height=0.05, italic=False, languageStyle='LTR', name='early', opacity=1.0, ori=0.0, pos=array([0., 0.]), rgb=UNKNOWN, text='', units='height', win=Window(...), wrapWidth=1)
19.1970 	INFO 	keyboard.Keyboard is using iohub backend.
19.2016 	EXP 	window1: mouseVisible = True
19.2030 	EXP 	Created late = TextStim(__class__=<class 'psychopy.visual.text.TextStim'>, alignHoriz=method-wrapper(...), alignText='center', alignVert=method-wrapper(...), anchorHoriz='center', anchorVert='center', antialias=True, autoDraw=False, autoLog=True, bold=False, color=array([-1., -1., -1.]), colorSpace='rgb', contrast=1.0, depth=-2.0, draggable=False, flipHoriz=False, flipVert=False, font='Open Sans', fontFiles=[], height=0.05, italic=False, languageStyle='LTR', name='late', opacity=1.0, ori=0.0, pos=array([0., 0.]), rgb=UNKNOWN, text='', units='height', win=Window(...), wrapWidth=1)
19.2066 	EXP 	window1: mouseVisible = True
19.2081 	EXP 	Created pracfeedback = TextStim(__class__=<class 'psychopy.visual.text.TextStim'>, alignHoriz=method-wrapper(...), alignText='center', alignVert=method-wrapper(...), anchorHoriz='center', anchorVert='center', antialias=True, autoDraw=False, autoLog=True, bold=False, color=array([1., 1., 1.]), colorSpace='rgb', contrast=1.0, depth=-1.0, draggable=False, flipHoriz=False, flipVert=False, font='Open Sans', fontFiles=[], height=0.1, italic=False, languageStyle='LTR', name='pracfeedback', opacity=1.0, ori=0.0, pos=array([0., 0.]), rgb=UNKNOWN, text='', units='height', win=Window(...), wrapWidth=1)
19.2118 	EXP 	window1: mouseVisible = True
19.2299 	EXP 	Created intro_5 = TextStim(__class__=<class 'psychopy.visual.text.TextStim'>, alignHoriz=method-wrapper(...), alignText='center', alignVert=method-wrapper(...), anchorHoriz='center', anchorVert='center', antialias=True, autoDraw=False, autoLog=True, bold=False, color=array([-1., -1., -1.]), colorSpace='rgb', contrast=1.0, depth=0.0, draggable=False, flipHoriz=False, flipVert=False, font='NanumGothic', fontFiles=[], height=0.05, italic=False, languageStyle='LTR', name='intro_5', opacity=1.0, ori=0.0, pos=array([0., 0.]), rgb=UNKNOWN, text=str(...), units='height', win=Window(...), wrapWidth=1)
19.2299 	INFO 	keyboard.Keyboard is using iohub backend.
19.2336 	EXP 	window1: mouseVisible = True
19.2521 	EXP 	Created main_image_2 = ImageStim(__class__=<class 'psychopy.visual.image.ImageStim'>, anchor=('center', 'center'), autoLog=True, color=array([1., 1., 1.]), colorSpace='rgb', contrast=1.0, depth=0.0, draggable=False, flipHoriz=False, flipVert=False, image='default.png', interpolate=True, mask=None, maskParams=None, name='main_image_2', opacity=1.0, ori=0.0, pos=array([0., 0.]), size=array([2. , 0.7]), texRes=128.0, units='height', win=Window(...))
19.2566 	EXP 	window1: mouseVisible = True
19.2578 	EXP 	Created main_early = TextStim(__class__=<class 'psychopy.visual.text.TextStim'>, alignHoriz=method-wrapper(...), alignText='center', alignVert=method-wrapper(...), anchorHoriz='center', anchorVert='center', antialias=True, autoDraw=False, autoLog=True, bold=False, color=array([-1., -1., -1.]), colorSpace='rgb', contrast=1.0, depth=-1.0, draggable=False, flipHoriz=False, flipVert=False, font='Open Sans', fontFiles=[], height=0.05, italic=False, languageStyle='LTR', name='main_early', opacity=1.0, ori=0.0, pos=array([0., 0.]), rgb=UNKNOWN, text='', units='height', win=Window(...), wrapWidth=1)
19.2579 	INFO 	keyboard.Keyboard is using iohub backend.
19.2617 	EXP 	window1: mouseVisible = True
19.2628 	EXP 	Created main_late = TextStim(__class__=<class 'psychopy.visual.text.TextStim'>, alignHoriz=method-wrapper(...), alignText='center', alignVert=method-wrapper(...), anchorHoriz='center', anchorVert='center', antialias=True, autoDraw=False, autoLog=True, bold=False, color=array([-1., -1., -1.]), colorSpace='rgb', contrast=1.0, depth=-3.0, draggable=False, flipHoriz=False, flipVert=False, font='Open Sans', fontFiles=[], height=0.05, italic=False, languageStyle='LTR', name='main_late', opacity=1.0, ori=0.0, pos=array([0., 0.]), rgb=UNKNOWN, text='', units='height', win=Window(...), wrapWidth=1)
19.2664 	EXP 	window1: mouseVisible = True
19.2754 	EXP 	Created text = TextStim(__class__=<class 'psychopy.visual.text.TextStim'>, alignHoriz=method-wrapper(...), alignText='center', alignVert=method-wrapper(...), anchorHoriz='center', anchorVert='center', antialias=True, autoDraw=False, autoLog=True, bold=False, color=array([1., 1., 1.]), colorSpace='rgb', contrast=1.0, depth=0.0, draggable=False, flipHoriz=False, flipVert=False, font='Open Sans', fontFiles=[], height=0.05, italic=False, languageStyle='LTR', name='text', opacity=1.0, ori=0.0, pos=array([0., 0.]), rgb=UNKNOWN, text='Any text\n\nincluding line breaks', units='height', win=Window(...), wrapWidth=1)
19.2792 	EXP 	window1: mouseVisible = True
19.2975 	EXP 	Created main_image_2 = ImageStim(__class__=<class 'psychopy.visual.image.ImageStim'>, anchor=('center', 'center'), autoLog=True, color=array([1., 1., 1.]), colorSpace='rgb', contrast=1.0, depth=0.0, draggable=False, flipHoriz=False, flipVert=False, image='default.png', interpolate=True, mask=None, maskParams=None, name='main_image_2', opacity=1.0, ori=0.0, pos=array([0., 0.]), size=array([2. , 0.7]), texRes=128.0, units='height', win=Window(...))
19.3013 	EXP 	window1: mouseVisible = True
19.3025 	EXP 	Created main_early = TextStim(__class__=<class 'psychopy.visual.text.TextStim'>, alignHoriz=method-wrapper(...), alignText='center', alignVert=method-wrapper(...), anchorHoriz='center', anchorVert='center', antialias=True, autoDraw=False, autoLog=True, bold=False, color=array([-1., -1., -1.]), colorSpace='rgb', contrast=1.0, depth=-1.0, draggable=False, flipHoriz=False, flipVert=False, font='Open Sans', fontFiles=[], height=0.05, italic=False, languageStyle='LTR', name='main_early', opacity=1.0, ori=0.0, pos=array([0., 0.]), rgb=UNKNOWN, text='', units='height', win=Window(...), wrapWidth=1)
19.3026 	INFO 	keyboard.Keyboard is using iohub backend.
19.3062 	EXP 	window1: mouseVisible = True
19.3074 	EXP 	Created main_late = TextStim(__class__=<class 'psychopy.visual.text.TextStim'>, alignHoriz=method-wrapper(...), alignText='center', alignVert=method-wrapper(...), anchorHoriz='center', anchorVert='center', antialias=True, autoDraw=False, autoLog=True, bold=False, color=array([-1., -1., -1.]), colorSpace='rgb', contrast=1.0, depth=-3.0, draggable=False, flipHoriz=False, flipVert=False, font='Open Sans', fontFiles=[], height=0.05, italic=False, languageStyle='LTR', name='main_late', opacity=1.0, ori=0.0, pos=array([0., 0.]), rgb=UNKNOWN, text='', units='height', win=Window(...), wrapWidth=1)
19.3111 	EXP 	window1: mouseVisible = True
19.3292 	EXP 	Created main_image_2 = ImageStim(__class__=<class 'psychopy.visual.image.ImageStim'>, anchor=('center', 'center'), autoLog=True, color=array([1., 1., 1.]), colorSpace='rgb', contrast=1.0, depth=0.0, draggable=False, flipHoriz=False, flipVert=False, image='default.png', interpolate=True, mask=None, maskParams=None, name='main_image_2', opacity=1.0, ori=0.0, pos=array([0., 0.]), size=array([2. , 0.7]), texRes=128.0, units='height', win=Window(...))
19.3330 	EXP 	window1: mouseVisible = True
19.3341 	EXP 	Created main_early = TextStim(__class__=<class 'psychopy.visual.text.TextStim'>, alignHoriz=method-wrapper(...), alignText='center', alignVert=method-wrapper(...), anchorHoriz='center', anchorVert='center', antialias=True, autoDraw=False, autoLog=True, bold=False, color=array([-1., -1., -1.]), colorSpace='rgb', contrast=1.0, depth=-1.0, draggable=False, flipHoriz=False, flipVert=False, font='Open Sans', fontFiles=[], height=0.05, italic=False, languageStyle='LTR', name='main_early', opacity=1.0, ori=0.0, pos=array([0., 0.]), rgb=UNKNOWN, text='', units='height', win=Window(...), wrapWidth=1)
19.3342 	INFO 	keyboard.Keyboard is using iohub backend.
19.3396 	EXP 	window1: mouseVisible = True
19.3408 	EXP 	Created main_late = TextStim(__class__=<class 'psychopy.visual.text.TextStim'>, alignHoriz=method-wrapper(...), alignText='center', alignVert=method-wrapper(...), anchorHoriz='center', anchorVert='center', antialias=True, autoDraw=False, autoLog=True, bold=False, color=array([-1., -1., -1.]), colorSpace='rgb', contrast=1.0, depth=-3.0, draggable=False, flipHoriz=False, flipVert=False, font='Open Sans', fontFiles=[], height=0.05, italic=False, languageStyle='LTR', name='main_late', opacity=1.0, ori=0.0, pos=array([0., 0.]), rgb=UNKNOWN, text='', units='height', win=Window(...), wrapWidth=1)
19.3444 	EXP 	window1: mouseVisible = True
19.3626 	EXP 	Created main_image_2 = ImageStim(__class__=<class 'psychopy.visual.image.ImageStim'>, anchor=('center', 'center'), autoLog=True, color=array([1., 1., 1.]), colorSpace='rgb', contrast=1.0, depth=0.0, draggable=False, flipHoriz=False, flipVert=False, image='default.png', interpolate=True, mask=None, maskParams=None, name='main_image_2', opacity=1.0, ori=0.0, pos=array([0., 0.]), size=array([2. , 0.7]), texRes=128.0, units='height', win=Window(...))
19.3663 	EXP 	window1: mouseVisible = True
19.3679 	EXP 	Created main_early = TextStim(__class__=<class 'psychopy.visual.text.TextStim'>, alignHoriz=method-wrapper(...), alignText='center', alignVert=method-wrapper(...), anchorHoriz='center', anchorVert='center', antialias=True, autoDraw=False, autoLog=True, bold=False, color=array([-1., -1., -1.]), colorSpace='rgb', contrast=1.0, depth=-1.0, draggable=False, flipHoriz=False, flipVert=False, font='Open Sans', fontFiles=[], height=0.05, italic=False, languageStyle='LTR', name='main_early', opacity=1.0, ori=0.0, pos=array([0., 0.]), rgb=UNKNOWN, text='', units='height', win=Window(...), wrapWidth=1)
19.3680 	INFO 	keyboard.Keyboard is using iohub backend.
19.3734 	EXP 	window1: mouseVisible = True
19.3745 	EXP 	Created main_late = TextStim(__class__=<class 'psychopy.visual.text.TextStim'>, alignHoriz=method-wrapper(...), alignText='center', alignVert=method-wrapper(...), anchorHoriz='center', anchorVert='center', antialias=True, autoDraw=False, autoLog=True, bold=False, color=array([-1., -1., -1.]), colorSpace='rgb', contrast=1.0, depth=-3.0, draggable=False, flipHoriz=False, flipVert=False, font='Open Sans', fontFiles=[], height=0.05, italic=False, languageStyle='LTR', name='main_late', opacity=1.0, ori=0.0, pos=array([0., 0.]), rgb=UNKNOWN, text='', units='height', win=Window(...), wrapWidth=1)
19.3782 	EXP 	window1: mouseVisible = True
19.3976 	EXP 	Created theend = TextStim(__class__=<class 'psychopy.visual.text.TextStim'>, alignHoriz=method-wrapper(...), alignText='center', alignVert=method-wrapper(...), anchorHoriz='center', anchorVert='center', antialias=True, autoDraw=False, autoLog=True, bold=False, color=array([-1., -1., -1.]), colorSpace='rgb', contrast=1.0, depth=0.0, draggable=False, flipHoriz=False, flipVert=False, font='NanumGothic', fontFiles=[], height=0.1, italic=False, languageStyle='LTR', name='theend', opacity=1.0, ori=0.0, pos=array([0., 0.]), rgb=UNKNOWN, text=str(...), units='height', win=Window(...), wrapWidth=1)
0.0335 	EXP 	intro_1: autoDraw = True
2.0119 	INFO 	Keyboard events cleared
2.0116 	EXP 	intro_1: autoDraw = False
2.0116 	EXP 	intro_2: autoDraw = True
3.0506 	INFO 	Keyboard events cleared
3.0504 	WARNING 	t of last frame was 23.53ms (=1/42)
3.0504 	EXP 	intro_2: autoDraw = False
3.0504 	EXP 	Intro_3: autoDraw = True
3.0803 	DATA 	Keypress: space
3.0918 	WARNING 	t of last frame was 41.39ms (=1/24)
3.3789 	EXP 	Created sequence: sequential, trialTypes=1, nReps=3, seed=None
3.3792 	EXP 	New trial (rep=0, index=0): None
3.4285 	DATA 	Keypress: space
3.4328 	INFO 	Keyboard events cleared
3.4324 	WARNING 	t of last frame was 55.10ms (=1/18)
3.4324 	EXP 	Intro_3: autoDraw = False
3.4324 	EXP 	pracintro: height = 0.05
3.4324 	EXP 	pracintro: height = 0.05
3.4324 	EXP 	pracintro: height = 0.05
3.4324 	EXP 	pracintro: text = '在参与实验之前，我们先进行练习。 \n\n 为了通过练习，您必须在练习中答对 90%。 \n\n 如果您已理解，请按空格键以开始。 \n\nBefore participating in the experiment, we will pratice first.  \n\n In order to start the experiment, you must get at least 90% correct in the practice round. \n\n If you understand the explanation, please press the space bar. '
3.4324 	EXP 	pracintro: autoDraw = True
3.8238 	DEBUG 	Read excel file with openpyxl: Practice_Chi.xlsx
3.8263 	EXP 	Imported Practice_Chi.xlsx as conditions, 8 conditions, 11 params
3.8268 	EXP 	Created sequence: random, trialTypes=8, nReps=1, seed=None
3.8270 	EXP 	New trial (rep=0, index=0): {'No': 7, 'Category': 'practice', 'earlier_stim': '星期三 ', 'later_stim': '星期二', 'conguency': 'incongruent', 'orientation': 'Vert', 'instruction': 'early', 'corr_resp': 'down', 'Instruction_stim': 'image/Chi_early.png', 'early_position': [0, 0.3], 'late_position': [0, -0.3]}
3.8599 	DATA 	Keypress: space
3.8657 	WARNING 	t of last frame was 77.12ms (=1/12)
3.8657 	EXP 	pracintro: autoDraw = False
3.8657 	EXP 	image: image = 'image/Chi_early.png'
3.8657 	EXP 	image: autoDraw = True
4.8157 	INFO 	Keyboard events cleared
4.8154 	EXP 	image: autoDraw = False
4.8154 	EXP 	early: height = 0.05
4.8154 	EXP 	early: height = 0.05
4.8154 	EXP 	early: height = 0.05
4.8154 	EXP 	early: text = '星期三 '
4.8154 	EXP 	late: height = 0.05
4.8154 	EXP 	late: height = 0.05
4.8154 	EXP 	late: height = 0.05
4.8154 	EXP 	late: text = '星期二'
4.8154 	EXP 	early: autoDraw = True
4.8154 	EXP 	late: autoDraw = True
5.7312 	DATA 	Keypress: down
5.7372 	WARNING 	Multiple dropped frames have occurred - I'll stop bothering you about them!
5.7371 	EXP 	early: autoDraw = False
5.7371 	EXP 	late: autoDraw = False
5.7371 	EXP 	pracfeedback: foreColor = <psychopy.colors.Color: green, alpha=1.0>
5.7371 	EXP 	pracfeedback: height = 0.1
5.7371 	EXP 	pracfeedback: height = 0.1
5.7371 	EXP 	pracfeedback: height = 0.1
5.7371 	EXP 	pracfeedback: text = 'Correct! \nScore = 100.0%'
5.7371 	EXP 	pracfeedback: autoDraw = True
6.6628 	EXP 	New trial (rep=0, index=1): {'No': 6, 'Category': 'practice', 'earlier_stim': '星期四', 'later_stim': '星期三 ', 'conguency': 'incongruent', 'orientation': 'Hori', 'instruction': 'late', 'corr_resp': 'left', 'Instruction_stim': 'image/Chi_late.png', 'early_position': [-0.3, 0], 'late_position': [0.3, 0]}
6.7044 	EXP 	pracfeedback: autoDraw = False
6.7044 	EXP 	image: image = 'image/Chi_late.png'
6.7044 	EXP 	image: autoDraw = True
7.6815 	INFO 	Keyboard events cleared
7.6812 	EXP 	image: autoDraw = False
7.6812 	EXP 	early: height = 0.05
7.6812 	EXP 	early: height = 0.05
7.6812 	EXP 	early: height = 0.05
7.6812 	EXP 	early: text = '星期四'
7.6812 	EXP 	late: height = 0.05
7.6812 	EXP 	late: height = 0.05
7.6812 	EXP 	late: height = 0.05
7.6812 	EXP 	late: text = '星期三 '
7.6812 	EXP 	early: autoDraw = True
7.6812 	EXP 	late: autoDraw = True
8.6421 	DATA 	Keypress: left
8.6466 	EXP 	early: autoDraw = False
8.6466 	EXP 	late: autoDraw = False
8.6466 	EXP 	pracfeedback: foreColor = <psychopy.colors.Color: green, alpha=1.0>
8.6466 	EXP 	pracfeedback: text = 'Correct! \nScore = 100.0%'
8.6466 	EXP 	pracfeedback: autoDraw = True
9.6397 	EXP 	New trial (rep=0, index=2): {'No': 3, 'Category': 'practice', 'earlier_stim': '星期一', 'later_stim': '星期二', 'conguency': 'congruent', 'orientation': 'Vert', 'instruction': 'early', 'corr_resp': 'up', 'Instruction_stim': 'image/Chi_early.png', 'early_position': [0, 0.3], 'late_position': [0, -0.3]}
9.6764 	EXP 	pracfeedback: autoDraw = False
9.6764 	EXP 	pracfeedback: autoDraw = False
9.6764 	EXP 	image: image = 'image/Chi_early.png'
9.6764 	EXP 	image: autoDraw = True
10.6612 	INFO 	Keyboard events cleared
10.6609 	EXP 	image: autoDraw = False
10.6609 	EXP 	early: height = 0.05
10.6609 	EXP 	early: height = 0.05
10.6609 	EXP 	early: height = 0.05
10.6609 	EXP 	early: text = '星期一'
10.6609 	EXP 	late: height = 0.05
10.6609 	EXP 	late: height = 0.05
10.6609 	EXP 	late: height = 0.05
10.6609 	EXP 	late: text = '星期二'
10.6609 	EXP 	early: autoDraw = True
10.6609 	EXP 	late: autoDraw = True
11.6653 	DATA 	Keypress: up
11.6710 	EXP 	early: autoDraw = False
11.6710 	EXP 	late: autoDraw = False
11.6710 	EXP 	pracfeedback: foreColor = <psychopy.colors.Color: green, alpha=1.0>
11.6710 	EXP 	pracfeedback: text = 'Correct! \nScore = 100.0%'
11.6710 	EXP 	pracfeedback: autoDraw = True
12.6572 	EXP 	New trial (rep=0, index=3): {'No': 1, 'Category': 'practice', 'earlier_stim': '星期三 ', 'later_stim': '星期四', 'conguency': 'congruent', 'orientation': 'Hori', 'instruction': 'early', 'corr_resp': 'left', 'Instruction_stim': 'image/Chi_early.png', 'early_position': [-0.3, 0], 'late_position': [0.3, 0]}
12.6921 	EXP 	pracfeedback: autoDraw = False
12.6921 	EXP 	pracfeedback: autoDraw = False
12.6921 	EXP 	image: image = 'image/Chi_early.png'
12.6921 	EXP 	image: autoDraw = True
13.6753 	INFO 	Keyboard events cleared
13.6751 	EXP 	image: autoDraw = False
13.6751 	EXP 	early: height = 0.05
13.6751 	EXP 	early: height = 0.05
13.6751 	EXP 	early: height = 0.05
13.6751 	EXP 	early: text = '星期三 '
13.6751 	EXP 	late: height = 0.05
13.6751 	EXP 	late: height = 0.05
13.6751 	EXP 	late: height = 0.05
13.6751 	EXP 	late: text = '星期四'
13.6751 	EXP 	early: autoDraw = True
13.6751 	EXP 	late: autoDraw = True
14.3922 	DATA 	Keypress: left
14.3968 	EXP 	early: autoDraw = False
14.3968 	EXP 	late: autoDraw = False
14.3968 	EXP 	pracfeedback: foreColor = <psychopy.colors.Color: green, alpha=1.0>
14.3968 	EXP 	pracfeedback: text = 'Correct! \nScore = 100.0%'
14.3968 	EXP 	pracfeedback: autoDraw = True
15.3896 	EXP 	New trial (rep=0, index=4): {'No': 4, 'Category': 'practice', 'earlier_stim': '星期日', 'later_stim': '星期一', 'conguency': 'congruent', 'orientation': 'Vert', 'instruction': 'late', 'corr_resp': 'down', 'Instruction_stim': 'image/Chi_late.png', 'early_position': [0, 0.3], 'late_position': [0, -0.3]}
15.4279 	EXP 	pracfeedback: autoDraw = False
15.4279 	EXP 	pracfeedback: autoDraw = False
15.4279 	EXP 	image: image = 'image/Chi_late.png'
15.4279 	EXP 	image: autoDraw = True
16.4119 	INFO 	Keyboard events cleared
16.4117 	EXP 	image: autoDraw = False
16.4117 	EXP 	early: height = 0.05
16.4117 	EXP 	early: height = 0.05
16.4117 	EXP 	early: height = 0.05
16.4117 	EXP 	early: text = '星期日'
16.4117 	EXP 	late: height = 0.05
16.4117 	EXP 	late: height = 0.05
16.4117 	EXP 	late: height = 0.05
16.4117 	EXP 	late: text = '星期一'
16.4117 	EXP 	early: autoDraw = True
16.4117 	EXP 	late: autoDraw = True
18.4658 	DATA 	Keypress: down
18.4708 	EXP 	early: autoDraw = False
18.4708 	EXP 	late: autoDraw = False
18.4708 	EXP 	pracfeedback: foreColor = <psychopy.colors.Color: green, alpha=1.0>
18.4708 	EXP 	pracfeedback: text = 'Correct! \nScore = 100.0%'
18.4708 	EXP 	pracfeedback: autoDraw = True
19.4564 	EXP 	New trial (rep=0, index=5): {'No': 5, 'Category': 'practice', 'earlier_stim': '星期二', 'later_stim': '星期一', 'conguency': 'incongruent', 'orientation': 'Hori', 'instruction': 'early', 'corr_resp': 'right', 'Instruction_stim': 'image/Chi_early.png', 'early_position': [-0.3, 0], 'late_position': [0.3, 0]}
19.4922 	EXP 	pracfeedback: autoDraw = False
19.4922 	EXP 	pracfeedback: autoDraw = False
19.4922 	EXP 	image: image = 'image/Chi_early.png'
19.4922 	EXP 	image: autoDraw = True
20.4859 	INFO 	Keyboard events cleared
20.4854 	EXP 	image: autoDraw = False
20.4854 	EXP 	early: height = 0.05
20.4854 	EXP 	early: height = 0.05
20.4854 	EXP 	early: height = 0.05
20.4854 	EXP 	early: text = '星期二'
20.4854 	EXP 	late: text = '星期一'
20.4854 	EXP 	early: autoDraw = True
20.4854 	EXP 	late: autoDraw = True
21.3643 	DATA 	Keypress: right
21.3709 	EXP 	early: autoDraw = False
21.3709 	EXP 	late: autoDraw = False
21.3709 	EXP 	pracfeedback: foreColor = <psychopy.colors.Color: green, alpha=1.0>
21.3709 	EXP 	pracfeedback: text = 'Correct! \nScore = 100.0%'
21.3709 	EXP 	pracfeedback: autoDraw = True
22.3560 	EXP 	New trial (rep=0, index=6): {'No': 2, 'Category': 'practice', 'earlier_stim': '星期五', 'later_stim': '星期六', 'conguency': 'congruent', 'orientation': 'Hori', 'instruction': 'late', 'corr_resp': 'right', 'Instruction_stim': 'image/Chi_late.png', 'early_position': [-0.3, 0], 'late_position': [0.3, 0]}
22.3929 	EXP 	pracfeedback: autoDraw = False
22.3929 	EXP 	pracfeedback: autoDraw = False
22.3929 	EXP 	image: image = 'image/Chi_late.png'
22.3929 	EXP 	image: autoDraw = True
23.3856 	INFO 	Keyboard events cleared
23.3853 	EXP 	image: autoDraw = False
23.3853 	EXP 	early: height = 0.05
23.3853 	EXP 	early: height = 0.05
23.3853 	EXP 	early: height = 0.05
23.3853 	EXP 	early: text = '星期五'
23.3853 	EXP 	late: height = 0.05
23.3853 	EXP 	late: height = 0.05
23.3853 	EXP 	late: height = 0.05
23.3853 	EXP 	late: text = '星期六'
23.3853 	EXP 	early: autoDraw = True
23.3853 	EXP 	late: autoDraw = True
24.9586 	DATA 	Keypress: right
24.9633 	EXP 	early: autoDraw = False
24.9633 	EXP 	late: autoDraw = False
24.9633 	EXP 	pracfeedback: foreColor = <psychopy.colors.Color: green, alpha=1.0>
24.9633 	EXP 	pracfeedback: text = 'Correct! \nScore = 100.0%'
24.9633 	EXP 	pracfeedback: autoDraw = True
25.9557 	EXP 	New trial (rep=0, index=7): {'No': 8, 'Category': 'practice', 'earlier_stim': '星期六', 'later_stim': '星期五', 'conguency': 'incongruent', 'orientation': 'Vert', 'instruction': 'late', 'corr_resp': 'up', 'Instruction_stim': 'image/Chi_late.png', 'early_position': [0, 0.3], 'late_position': [0, -0.3]}
25.9913 	EXP 	pracfeedback: autoDraw = False
25.9913 	EXP 	pracfeedback: autoDraw = False
25.9913 	EXP 	image: image = 'image/Chi_late.png'
25.9913 	EXP 	image: autoDraw = True
26.9805 	INFO 	Keyboard events cleared
26.9801 	EXP 	image: autoDraw = False
26.9801 	EXP 	early: height = 0.05
26.9801 	EXP 	early: height = 0.05
26.9801 	EXP 	early: height = 0.05
26.9801 	EXP 	early: text = '星期六'
26.9801 	EXP 	late: height = 0.05
26.9801 	EXP 	late: height = 0.05
26.9801 	EXP 	late: height = 0.05
26.9801 	EXP 	late: text = '星期五'
26.9801 	EXP 	early: autoDraw = True
26.9801 	EXP 	late: autoDraw = True
28.0246 	DATA 	Keypress: up
28.0290 	EXP 	early: autoDraw = False
28.0290 	EXP 	late: autoDraw = False
28.0290 	EXP 	pracfeedback: foreColor = <psychopy.colors.Color: green, alpha=1.0>
28.0290 	EXP 	pracfeedback: text = 'Correct! \nScore = 100.0%'
28.0290 	EXP 	pracfeedback: autoDraw = True
29.0292 	INFO 	Keyboard events cleared
29.0287 	EXP 	pracfeedback: autoDraw = False
29.0287 	EXP 	pracfeedback: autoDraw = False
29.0287 	EXP 	intro_5: autoDraw = True
30.1170 	DEBUG 	Read csv file with pandas: blocks/Block 1.csv
30.1230 	DEBUG 	Clearing unnamed columns from blocks/Block 1.csv
30.1286 	EXP 	Imported blocks/Block 1.csv as conditions, 50 conditions, 12 params
30.1293 	EXP 	Created sequence: sequential, trialTypes=50, nReps=1, seed=None
30.1295 	EXP 	New trial (rep=0, index=0): OrderedDict([('No', 142), ('Category', 'Week'), ('earlier_stim', '星期五'), ('later_stim', '星期四'), ('distance', 1), ('congruency', 'incongruent'), ('orientation', 'Vert'), ('instruction', 'early'), ('corr_resp', 'down'), ('Instruction_stim', 'image/Chi_early.png'), ('early_position', [0, 0.3]), ('late_position', [0, -0.3])])
30.1600 	DATA 	Keypress: space
30.1658 	EXP 	intro_5: autoDraw = False
30.1658 	EXP 	main_image_2: image = 'image/Chi_early.png'
30.1658 	EXP 	main_early: height = 0.05
30.1658 	EXP 	main_early: height = 0.05
30.1658 	EXP 	main_early: height = 0.05
30.1658 	EXP 	main_early: text = '星期五'
30.1658 	EXP 	main_late: height = 0.05
30.1658 	EXP 	main_late: height = 0.05
30.1658 	EXP 	main_late: height = 0.05
30.1658 	EXP 	main_late: text = '星期四'
30.1658 	EXP 	main_image_2: autoDraw = True
31.0885 	INFO 	Keyboard events cleared
31.0882 	EXP 	main_early: autoDraw = True
31.0882 	EXP 	main_late: autoDraw = True
31.1601 	EXP 	main_image_2: autoDraw = False
33.1899 	EXP 	New trial (rep=0, index=1): OrderedDict([('No', 75), ('Category', 'Month'), ('earlier_stim', '十月 '), ('later_stim', '九月 '), ('distance', 1), ('congruency', 'incongruent'), ('orientation', 'Vert'), ('instruction', 'early'), ('corr_resp', 'down'), ('Instruction_stim', 'image/Chi_early.png'), ('early_position', [0, 0.3]), ('late_position', [0, -0.3])])
33.2225 	DATA 	Keypress: down
33.2281 	EXP 	main_image_2: autoDraw = False
33.2281 	EXP 	main_early: autoDraw = False
33.2281 	EXP 	main_late: autoDraw = False
33.2281 	EXP 	main_image_2: image = 'image/Chi_early.png'
33.2281 	EXP 	main_early: height = 0.05
33.2281 	EXP 	main_early: height = 0.05
33.2281 	EXP 	main_early: height = 0.05
33.2281 	EXP 	main_early: text = '十月 '
33.2281 	EXP 	main_late: height = 0.05
33.2281 	EXP 	main_late: height = 0.05
33.2281 	EXP 	main_late: height = 0.05
33.2281 	EXP 	main_late: text = '九月 '
33.2281 	EXP 	main_image_2: autoDraw = True
34.1888 	INFO 	Keyboard events cleared
34.1884 	EXP 	main_early: autoDraw = True
34.1884 	EXP 	main_late: autoDraw = True
34.2206 	EXP 	main_image_2: autoDraw = False
35.8949 	EXP 	New trial (rep=0, index=2): OrderedDict([('No', 29), ('Category', 'Month'), ('earlier_stim', '七月'), ('later_stim', '八月'), ('distance', 1), ('congruency', 'congruent'), ('orientation', 'Vert'), ('instruction', 'early'), ('corr_resp', 'up'), ('Instruction_stim', 'image/Chi_early.png'), ('early_position', [0, 0.3]), ('late_position', [0, -0.3])])
35.9272 	DATA 	Keypress: down
35.9331 	EXP 	main_image_2: autoDraw = False
35.9331 	EXP 	main_early: autoDraw = False
35.9331 	EXP 	main_late: autoDraw = False
35.9331 	EXP 	main_image_2: image = 'image/Chi_early.png'
35.9331 	EXP 	main_early: height = 0.05
35.9331 	EXP 	main_early: height = 0.05
35.9331 	EXP 	main_early: height = 0.05
35.9331 	EXP 	main_early: text = '七月'
35.9331 	EXP 	main_late: height = 0.05
35.9331 	EXP 	main_late: height = 0.05
35.9331 	EXP 	main_late: height = 0.05
35.9331 	EXP 	main_late: text = '八月'
35.9331 	EXP 	main_image_2: autoDraw = True
36.8893 	INFO 	Keyboard events cleared
36.8889 	EXP 	main_early: autoDraw = True
36.8889 	EXP 	main_late: autoDraw = True
36.9293 	EXP 	main_image_2: autoDraw = False
41.5398 	EXP 	New trial (rep=0, index=3): OrderedDict([('No', 106), ('Category', 'Week'), ('earlier_stim', '星期三\xa0'), ('later_stim', '星期六'), ('distance', 3), ('congruency', 'congruent'), ('orientation', 'Hori'), ('instruction', 'late'), ('corr_resp', 'right'), ('Instruction_stim', 'image/Chi_late.png'), ('early_position', [-0.3, 0]), ('late_position', [0.3, 0])])
41.5747 	DATA 	Keypress: up
41.5805 	EXP 	main_image_2: autoDraw = False
41.5805 	EXP 	main_early: autoDraw = False
41.5805 	EXP 	main_late: autoDraw = False
41.5805 	EXP 	main_image_2: image = 'image/Chi_late.png'
41.5805 	EXP 	main_early: height = 0.05
41.5805 	EXP 	main_early: height = 0.05
41.5805 	EXP 	main_early: height = 0.05
41.5805 	EXP 	main_early: text = '星期三\xa0'
41.5805 	EXP 	main_late: height = 0.05
41.5805 	EXP 	main_late: height = 0.05
41.5805 	EXP 	main_late: height = 0.05
41.5805 	EXP 	main_late: text = '星期六'
41.5805 	EXP 	main_image_2: autoDraw = True
42.5408 	INFO 	Keyboard events cleared
42.5404 	EXP 	main_early: autoDraw = True
42.5404 	EXP 	main_late: autoDraw = True
42.5762 	EXP 	main_image_2: autoDraw = False
47.5275 	EXP 	New trial (rep=0, index=4): OrderedDict([('No', 20), ('Category', 'Month'), ('earlier_stim', '四月'), ('later_stim', '八月'), ('distance', 4), ('congruency', 'congruent'), ('orientation', 'Vert'), ('instruction', 'early'), ('corr_resp', 'up'), ('Instruction_stim', 'image/Chi_early.png'), ('early_position', [0, 0.3]), ('late_position', [0, -0.3])])
47.5688 	EXP 	main_early: autoDraw = False
47.5688 	EXP 	main_late: autoDraw = False
47.5688 	EXP 	main_image_2: autoDraw = False
47.5688 	EXP 	main_early: autoDraw = False
47.5688 	EXP 	main_late: autoDraw = False
47.5688 	EXP 	main_image_2: image = 'image/Chi_early.png'
47.5688 	EXP 	main_early: height = 0.05
47.5688 	EXP 	main_early: height = 0.05
47.5688 	EXP 	main_early: height = 0.05
47.5688 	EXP 	main_early: text = '四月'
47.5688 	EXP 	main_late: height = 0.05
47.5688 	EXP 	main_late: height = 0.05
47.5688 	EXP 	main_late: height = 0.05
47.5688 	EXP 	main_late: text = '八月'
47.5688 	EXP 	main_image_2: autoDraw = True
48.5412 	INFO 	Keyboard events cleared
48.5410 	EXP 	main_early: autoDraw = True
48.5410 	EXP 	main_late: autoDraw = True
48.5620 	EXP 	main_image_2: autoDraw = False
49.8255 	DATA 	Keypress: escape
49.9388 	EXP 	ETchi: status = STOPPED
49.9425 	EXP 	main_early: autoDraw = False
49.9425 	EXP 	main_late: autoDraw = False
49.9425 	EXP 	ETchi: status = STOPPED
49.9581 	INFO 	saved data to '/Users/wangerxiao/Desktop/Eye-tracking/1 psychopy materials/et-project_chi/data/33_ETchi_2023-11-06_00h41.36.529.csv'
49.9603 	INFO 	saved data to /Users/wangerxiao/Desktop/Eye-tracking/1 psychopy materials/et-project_chi/data/33_ETchi_2023-11-06_00h41.36.529.psydat
50.0517 	EXP 	window1: mouseVisible = True
50.8468 	DEBUG 	Saving data for ETchi ExperimentHandler
