2.1550 	ERROR 	Support for the `sounddevice` audio backend is not available this session. Please install `psychopy-sounddevice` and restart the session to enable support.
14.8355 	INFO 	Loaded monitor calibration from ['2020_04_15 21:52']
14.8482 	WARNING 	User requested fullscreen with size [1470  956], but screen is actually [1920, 1080]. Using actual size
15.0980 	DEBUG 	TextBox2 loaded 1 chars with 0 blanks and 1 valid
15.0997 	DEBUG 	TextBox2 loaded 1 chars with 0 blanks and 1 valid
15.1013 	DEBUG 	TextBox2 loaded 1 chars with 0 blanks and 1 valid
15.1038 	DEBUG 	TextBox2 loaded 1 chars with 0 blanks and 1 valid
15.1062 	DEBUG 	TextBox2 loaded 1 chars with 0 blanks and 1 valid
15.1069 	DEBUG 	TextBox2 loaded 1 chars with 0 blanks and 1 valid
15.1084 	DEBUG 	TextBox2 loaded 1 chars with 0 blanks and 1 valid
15.1106 	DEBUG 	TextBox2 loaded 1 chars with 0 blanks and 1 valid
15.1110 	DEBUG 	TextBox2 loaded 1 chars with 0 blanks and 1 valid
15.1114 	DEBUG 	TextBox2 loaded 1 chars with 0 blanks and 1 valid
15.1131 	DEBUG 	TextBox2 loaded 1 chars with 0 blanks and 1 valid
15.1146 	DEBUG 	TextBox2 loaded 1 chars with 0 blanks and 1 valid
15.1159 	DEBUG 	TextBox2 loaded 1 chars with 0 blanks and 1 valid
15.1174 	DEBUG 	TextBox2 loaded 1 chars with 0 blanks and 1 valid
15.1185 	DEBUG 	TextBox2 loaded 1 chars with 0 blanks and 1 valid
15.1202 	DEBUG 	TextBox2 loaded 1 chars with 0 blanks and 1 valid
15.1217 	DEBUG 	TextBox2 loaded 1 chars with 0 blanks and 1 valid
15.1221 	DEBUG 	TextBox2 loaded 1 chars with 0 blanks and 1 valid
15.1228 	DEBUG 	TextBox2 loaded 1 chars with 0 blanks and 1 valid
15.1250 	DEBUG 	TextBox2 loaded 1 chars with 0 blanks and 1 valid
15.1254 	DEBUG 	TextBox2 loaded 1 chars with 0 blanks and 1 valid
15.1268 	DEBUG 	Uploading Texture Font fontname to graphics card
15.1311 	DEBUG 	Upload of Texture Font fontname complete
15.1398 	DEBUG 	TextBox2 loaded 1 chars with 0 blanks and 1 valid
15.1420 	DEBUG 	TextBox2 loaded 1 chars with 0 blanks and 1 valid
15.1440 	DEBUG 	TextBox2 loaded 1 chars with 0 blanks and 1 valid
15.1442 	DEBUG 	Uploading Texture Font fontname to graphics card
15.1463 	DEBUG 	Upload of Texture Font fontname complete
16.1930 	WARNING 	Couldn't measure a consistent frame rate!
  - Is your graphics card set to sync to vertical blank?
  - Are you running other processes on your computer?

16.1936 	EXP 	Created window1 = Window(allowGUI=True, allowStencil=False, autoLog=True, backendConf=UNKNOWN, backgroundFit=<method-wrapper '__getattribute__' of attributeSetter object at 0x7fbae43eb7c0>, backgroundImage=<method-wrapper '__getattribute__' of attributeSetter object at 0x7fbae43eb760>, bitsMode=UNKNOWN, blendMode='avg', bpc=(8, 8, 8), color=array([0, 0, 0]), colorSpace='rgb', depthBits=8, fullscr=<method-wrapper '__getattribute__' of attributeSetter object at 0x7fbae43eb5e0>, gamma=None, gammaErrorPolicy='raise', lms=UNKNOWN, monitor=<psychopy.monitors.calibTools.Monitor object at 0x7fbab0858f40>, multiSample=False, name='window1', numSamples=2, pos=[0.0, 0.0], screen=0, size=array([1920, 1080]), stencilBits=0, stereo=False, title='PsychoPy', units='height', useFBO=True, useRetina=False, viewOri=0.0, viewPos=None, viewScale=None, waitBlanking=True, winType='pyglet')
16.1938 	EXP 	window1: mouseVisible = True
16.1938 	EXP 	window1: backgroundImage = ''
16.1938 	EXP 	window1: backgroundFit = 'none'
16.1976 	EXP 	window1: Attempting to measure frame rate of screen (0) ...
16.1976 	EXP 	window1: recordFrameIntervals = False
16.2755 	EXP 	window1: recordFrameIntervals = True
17.1103 	WARNING 	Couldn't measure a consistent frame rate!
  - Is your graphics card set to sync to vertical blank?
  - Are you running other processes on your computer?

17.1113 	EXP 	window1: mouseVisible = False
47.5603 	EXP 	window1: mouseVisible = True
47.5614 	DEBUG 	Saving data for ET eng ExperimentHandler
47.5625 	INFO 	saved data to /Users/Tracey/Desktop/Teachers College Columbia/Gordon Lab/Temporal spacial/Psychopy/et_eng/data/00_ET eng_2023-11-07_20h19.18.256.psydat
47.5627 	INFO 	saved data to '/Users/Tracey/Desktop/Teachers College Columbia/Gordon Lab/Temporal spacial/Psychopy/et_eng/data/00_ET eng_2023-11-07_20h19.18.256.csv'
