1.9038 	ERROR 	Support for the `sounddevice` audio backend is not available this session. Please install `psychopy-sounddevice` and restart the session to enable support.
6.4521 	INFO 	Loaded monitor calibration from ['2020_04_15 21:52']
6.4642 	WARNING 	User requested fullscreen with size [1470  956], but screen is actually [1920, 1080]. Using actual size
6.6374 	DEBUG 	TextBox2 loaded 1 chars with 0 blanks and 1 valid
6.6389 	DEBUG 	TextBox2 loaded 1 chars with 0 blanks and 1 valid
6.6404 	DEBUG 	TextBox2 loaded 1 chars with 0 blanks and 1 valid
6.6427 	DEBUG 	TextBox2 loaded 1 chars with 0 blanks and 1 valid
6.6448 	DEBUG 	TextBox2 loaded 1 chars with 0 blanks and 1 valid
6.6455 	DEBUG 	TextBox2 loaded 1 chars with 0 blanks and 1 valid
6.6470 	DEBUG 	TextBox2 loaded 1 chars with 0 blanks and 1 valid
6.6492 	DEBUG 	TextBox2 loaded 1 chars with 0 blanks and 1 valid
6.6494 	DEBUG 	TextBox2 loaded 1 chars with 0 blanks and 1 valid
6.6497 	DEBUG 	TextBox2 loaded 1 chars with 0 blanks and 1 valid
6.6512 	DEBUG 	TextBox2 loaded 1 chars with 0 blanks and 1 valid
6.6526 	DEBUG 	TextBox2 loaded 1 chars with 0 blanks and 1 valid
6.6540 	DEBUG 	TextBox2 loaded 1 chars with 0 blanks and 1 valid
6.6553 	DEBUG 	TextBox2 loaded 1 chars with 0 blanks and 1 valid
6.6564 	DEBUG 	TextBox2 loaded 1 chars with 0 blanks and 1 valid
6.6580 	DEBUG 	TextBox2 loaded 1 chars with 0 blanks and 1 valid
6.6595 	DEBUG 	TextBox2 loaded 1 chars with 0 blanks and 1 valid
6.6599 	DEBUG 	TextBox2 loaded 1 chars with 0 blanks and 1 valid
6.6605 	DEBUG 	TextBox2 loaded 1 chars with 0 blanks and 1 valid
6.6627 	DEBUG 	TextBox2 loaded 1 chars with 0 blanks and 1 valid
6.6630 	DEBUG 	TextBox2 loaded 1 chars with 0 blanks and 1 valid
6.6632 	DEBUG 	Uploading Texture Font fontname to graphics card
6.6664 	DEBUG 	Upload of Texture Font fontname complete
6.6746 	DEBUG 	TextBox2 loaded 1 chars with 0 blanks and 1 valid
6.6767 	DEBUG 	TextBox2 loaded 1 chars with 0 blanks and 1 valid
6.6787 	DEBUG 	TextBox2 loaded 1 chars with 0 blanks and 1 valid
6.6789 	DEBUG 	Uploading Texture Font fontname to graphics card
6.6810 	DEBUG 	Upload of Texture Font fontname complete
7.6318 	WARNING 	Couldn't measure a consistent frame rate!
  - Is your graphics card set to sync to vertical blank?
  - Are you running other processes on your computer?

7.6323 	EXP 	Created window1 = Window(allowGUI=True, allowStencil=False, autoLog=True, backendConf=UNKNOWN, backgroundFit=<method-wrapper '__getattribute__' of attributeSetter object at 0x7fb205b05670>, backgroundImage=<method-wrapper '__getattribute__' of attributeSetter object at 0x7fb205b05610>, bitsMode=UNKNOWN, blendMode='avg', bpc=(8, 8, 8), color=array([0, 0, 0]), colorSpace='rgb', depthBits=8, fullscr=<method-wrapper '__getattribute__' of attributeSetter object at 0x7fb205b05490>, gamma=None, gammaErrorPolicy='raise', lms=UNKNOWN, monitor=<psychopy.monitors.calibTools.Monitor object at 0x7fb1f4120df0>, multiSample=False, name='window1', numSamples=2, pos=[0.0, 0.0], screen=0, size=array([1920, 1080]), stencilBits=0, stereo=False, title='PsychoPy', units='height', useFBO=True, useRetina=False, viewOri=0.0, viewPos=None, viewScale=None, waitBlanking=True, winType='pyglet')
7.6325 	EXP 	window1: mouseVisible = True
7.6325 	EXP 	window1: backgroundImage = ''
7.6326 	EXP 	window1: backgroundFit = 'none'
7.6364 	EXP 	window1: Attempting to measure frame rate of screen (0) ...
7.6365 	EXP 	window1: recordFrameIntervals = False
7.7423 	EXP 	window1: recordFrameIntervals = True
8.5758 	WARNING 	Couldn't measure a consistent frame rate!
  - Is your graphics card set to sync to vertical blank?
  - Are you running other processes on your computer?

8.5782 	EXP 	window1: mouseVisible = False
10.5460 	INFO 	keyboard.Keyboard is using iohub backend.
10.5460 	EXP 	ET eng: status = STARTED
10.5464 	EXP 	window1: mouseVisible = True
10.5723 	EXP 	Created intro_1 = TextStim(__class__=<class 'psychopy.visual.text.TextStim'>, alignHoriz=method-wrapper(...), alignText='center', alignVert=method-wrapper(...), anchorHoriz='center', anchorVert='center', antialias=True, autoDraw=False, autoLog=True, bold=False, color=array([-1., -1., -1.]), colorSpace='rgb', contrast=1.0, depth=0.0, draggable=False, flipHoriz=False, flipVert=False, font='NanumGothic', fontFiles=[], height=0.05, italic=False, languageStyle='LTR', name='intro_1', opacity=1.0, ori=0.0, pos=array([0., 0.]), rgb=UNKNOWN, text=' Temporal-Spatial Task', units='height', win=Window(...), wrapWidth=1)
10.5724 	EXP 	window1: mouseVisible = True
10.5839 	EXP 	Created intro_2 = TextStim(__class__=<class 'psychopy.visual.text.TextStim'>, alignHoriz=method-wrapper(...), alignText='center', alignVert=method-wrapper(...), anchorHoriz='center', anchorVert='center', antialias=True, autoDraw=False, autoLog=True, bold=False, color=array([-1., -1., -1.]), colorSpace='rgb', contrast=1.0, depth=0.0, draggable=False, flipHoriz=False, flipVert=False, font='NanumGothic', fontFiles=[], height=0.05, italic=False, languageStyle='LTR', name='intro_2', opacity=1.0, ori=0.0, pos=array([0., 0.]), rgb=UNKNOWN, text=str(...), units='height', win=Window(...), wrapWidth=1)
10.5840 	INFO 	keyboard.Keyboard is using iohub backend.
10.5840 	EXP 	window1: mouseVisible = True
10.5947 	EXP 	Created Intro_3 = TextStim(__class__=<class 'psychopy.visual.text.TextStim'>, alignHoriz=method-wrapper(...), alignText='center', alignVert=method-wrapper(...), anchorHoriz='center', anchorVert='center', antialias=True, autoDraw=False, autoLog=True, bold=False, color=array([-1., -1., -1.]), colorSpace='rgb', contrast=1.0, depth=0.0, draggable=False, flipHoriz=False, flipVert=False, font='NanumGothic', fontFiles=[], height=0.05, italic=False, languageStyle='LTR', name='Intro_3', opacity=1.0, ori=0.0, pos=array([0., 0.]), rgb=UNKNOWN, text=str(...), units='height', win=Window(...), wrapWidth=1)
10.5947 	INFO 	keyboard.Keyboard is using iohub backend.
10.5948 	EXP 	window1: mouseVisible = True
10.5988 	EXP 	Created Intro_4 = TextStim(__class__=<class 'psychopy.visual.text.TextStim'>, alignHoriz=method-wrapper(...), alignText='center', alignVert=method-wrapper(...), anchorHoriz='center', anchorVert='center', antialias=True, autoDraw=False, autoLog=True, bold=False, color=array([-1., -1., -1.]), colorSpace='rgb', contrast=1.0, depth=0.0, draggable=False, flipHoriz=False, flipVert=False, font='NanumGothic', fontFiles=[], height=0.05, italic=False, languageStyle='LTR', name='Intro_4', opacity=1.0, ori=0.0, pos=array([0., 0.]), rgb=UNKNOWN, text=str(...), units='height', win=Window(...), wrapWidth=1)
10.5988 	INFO 	keyboard.Keyboard is using iohub backend.
10.5989 	EXP 	window1: mouseVisible = True
10.5996 	EXP 	Created pracintro = TextStim(__class__=<class 'psychopy.visual.text.TextStim'>, alignHoriz=method-wrapper(...), alignText='center', alignVert=method-wrapper(...), anchorHoriz='center', anchorVert='center', antialias=True, autoDraw=False, autoLog=True, bold=False, color=array([-1., -1., -1.]), colorSpace='rgb', contrast=1.0, depth=0.0, draggable=False, flipHoriz=False, flipVert=False, font='NanumGothic', fontFiles=[], height=0.05, italic=False, languageStyle='LTR', name='pracintro', opacity=1.0, ori=0.0, pos=array([0., 0.]), rgb=UNKNOWN, text='', units='height', win=Window(...), wrapWidth=1)
10.5996 	INFO 	keyboard.Keyboard is using iohub backend.
10.5997 	EXP 	window1: mouseVisible = True
10.6126 	EXP 	Created image = ImageStim(__class__=<class 'psychopy.visual.image.ImageStim'>, anchor=('center', 'center'), autoLog=True, color=array([1., 1., 1.]), colorSpace='rgb', contrast=1.0, depth=-1.0, draggable=False, flipHoriz=False, flipVert=False, image='default.png', interpolate=True, mask=None, maskParams=None, name='image', opacity=1.0, ori=0.0, pos=array([0., 0.]), size=array([1.7, 0.4]), texRes=128.0, units='height', win=Window(...))
10.6127 	EXP 	window1: mouseVisible = True
10.6150 	EXP 	Created early = TextStim(__class__=<class 'psychopy.visual.text.TextStim'>, alignHoriz=method-wrapper(...), alignText='center', alignVert=method-wrapper(...), anchorHoriz='center', anchorVert='center', antialias=True, autoDraw=False, autoLog=True, bold=False, color=array([-1., -1., -1.]), colorSpace='rgb', contrast=1.0, depth=0.0, draggable=False, flipHoriz=False, flipVert=False, font='Open Sans', fontFiles=[], height=0.05, italic=False, languageStyle='LTR', name='early', opacity=1.0, ori=0.0, pos=array([0., 0.]), rgb=UNKNOWN, text='', units='height', win=Window(...), wrapWidth=1)
10.6151 	INFO 	keyboard.Keyboard is using iohub backend.
10.6151 	EXP 	window1: mouseVisible = True
10.6159 	EXP 	Created late = TextStim(__class__=<class 'psychopy.visual.text.TextStim'>, alignHoriz=method-wrapper(...), alignText='center', alignVert=method-wrapper(...), anchorHoriz='center', anchorVert='center', antialias=True, autoDraw=False, autoLog=True, bold=False, color=array([-1., -1., -1.]), colorSpace='rgb', contrast=1.0, depth=-2.0, draggable=False, flipHoriz=False, flipVert=False, font='Open Sans', fontFiles=[], height=0.05, italic=False, languageStyle='LTR', name='late', opacity=1.0, ori=0.0, pos=array([0., 0.]), rgb=UNKNOWN, text='', units='height', win=Window(...), wrapWidth=1)
10.6160 	EXP 	window1: mouseVisible = True
10.6169 	EXP 	Created pracfeedback = TextStim(__class__=<class 'psychopy.visual.text.TextStim'>, alignHoriz=method-wrapper(...), alignText='center', alignVert=method-wrapper(...), anchorHoriz='center', anchorVert='center', antialias=True, autoDraw=False, autoLog=True, bold=False, color=array([1., 1., 1.]), colorSpace='rgb', contrast=1.0, depth=-1.0, draggable=False, flipHoriz=False, flipVert=False, font='Open Sans', fontFiles=[], height=0.1, italic=False, languageStyle='LTR', name='pracfeedback', opacity=1.0, ori=0.0, pos=array([0., 0.]), rgb=UNKNOWN, text='', units='height', win=Window(...), wrapWidth=1)
10.6170 	EXP 	window1: mouseVisible = True
10.6224 	EXP 	Created intro_5 = TextStim(__class__=<class 'psychopy.visual.text.TextStim'>, alignHoriz=method-wrapper(...), alignText='center', alignVert=method-wrapper(...), anchorHoriz='center', anchorVert='center', antialias=True, autoDraw=False, autoLog=True, bold=False, color=array([-1., -1., -1.]), colorSpace='rgb', contrast=1.0, depth=0.0, draggable=False, flipHoriz=False, flipVert=False, font='NanumGothic', fontFiles=[], height=0.05, italic=False, languageStyle='LTR', name='intro_5', opacity=1.0, ori=0.0, pos=array([0., 0.]), rgb=UNKNOWN, text=str(...), units='height', win=Window(...), wrapWidth=1)
10.6224 	INFO 	keyboard.Keyboard is using iohub backend.
10.6225 	EXP 	window1: mouseVisible = True
10.6322 	EXP 	Created main_image = ImageStim(__class__=<class 'psychopy.visual.image.ImageStim'>, anchor=('center', 'center'), autoLog=True, color=array([1., 1., 1.]), colorSpace='rgb', contrast=1.0, depth=0.0, draggable=False, flipHoriz=False, flipVert=False, image='default.png', interpolate=True, mask=None, maskParams=None, name='main_image', opacity=1.0, ori=0.0, pos=array([0., 0.]), size=array([2. , 0.7]), texRes=128.0, units='height', win=Window(...))
10.6323 	EXP 	window1: mouseVisible = True
10.6331 	EXP 	Created main_early1 = TextStim(__class__=<class 'psychopy.visual.text.TextStim'>, alignHoriz=method-wrapper(...), alignText='center', alignVert=method-wrapper(...), anchorHoriz='center', anchorVert='center', antialias=True, autoDraw=False, autoLog=True, bold=False, color=array([-1., -1., -1.]), colorSpace='rgb', contrast=1.0, depth=-1.0, draggable=False, flipHoriz=False, flipVert=False, font='Open Sans', fontFiles=[], height=0.05, italic=False, languageStyle='LTR', name='main_early1', opacity=1.0, ori=0.0, pos=array([0., 0.]), rgb=UNKNOWN, text='', units='height', win=Window(...), wrapWidth=1)
10.6331 	INFO 	keyboard.Keyboard is using iohub backend.
10.6332 	EXP 	window1: mouseVisible = True
10.6339 	EXP 	Created main_late1 = TextStim(__class__=<class 'psychopy.visual.text.TextStim'>, alignHoriz=method-wrapper(...), alignText='center', alignVert=method-wrapper(...), anchorHoriz='center', anchorVert='center', antialias=True, autoDraw=False, autoLog=True, bold=False, color=array([-1., -1., -1.]), colorSpace='rgb', contrast=1.0, depth=-3.0, draggable=False, flipHoriz=False, flipVert=False, font='Open Sans', fontFiles=[], height=0.05, italic=False, languageStyle='LTR', name='main_late1', opacity=1.0, ori=0.0, pos=array([0., 0.]), rgb=UNKNOWN, text='', units='height', win=Window(...), wrapWidth=1)
10.6340 	EXP 	window1: mouseVisible = True
10.6365 	EXP 	Created fix = TextStim(__class__=<class 'psychopy.visual.text.TextStim'>, alignHoriz=method-wrapper(...), alignText='center', alignVert=method-wrapper(...), anchorHoriz='center', anchorVert='center', antialias=True, autoDraw=False, autoLog=True, bold=False, color=array([-1., -1., -1.]), colorSpace='rgb', contrast=1.0, depth=-4.0, draggable=False, flipHoriz=False, flipVert=False, font='Open Sans', fontFiles=[], height=0.05, italic=False, languageStyle='LTR', name='fix', opacity=1.0, ori=0.0, pos=array([0., 0.]), rgb=UNKNOWN, text='+', units='height', win=Window(...), wrapWidth=1)
10.6366 	EXP 	window1: mouseVisible = True
10.6373 	EXP 	Created question = TextStim(__class__=<class 'psychopy.visual.text.TextStim'>, alignHoriz=method-wrapper(...), alignText='center', alignVert=method-wrapper(...), anchorHoriz='center', anchorVert='center', antialias=True, autoDraw=False, autoLog=True, bold=False, color=array([-1., -1., -1.]), colorSpace='rgb', contrast=1.0, depth=0.0, draggable=False, flipHoriz=False, flipVert=False, font='Open Sans', fontFiles=[], height=0.1, italic=False, languageStyle='LTR', name='question', opacity=1.0, ori=0.0, pos=array([0., 0.]), rgb=UNKNOWN, text='', units='height', win=Window(...), wrapWidth=1)
10.6374 	EXP 	window1: mouseVisible = True
10.6467 	EXP 	Created fengjing = ImageStim(__class__=<class 'psychopy.visual.image.ImageStim'>, anchor=('center', 'center'), autoLog=True, color=array([1., 1., 1.]), colorSpace='rgb', contrast=1.0, depth=-1.0, draggable=False, flipHoriz=False, flipVert=False, image='default.png', interpolate=True, mask=None, maskParams=None, name='fengjing', opacity=1.0, ori=0.0, pos=array([0., 0.]), size=array([2. , 1.5]), texRes=128.0, units='height', win=Window(...))
10.6467 	INFO 	keyboard.Keyboard is using iohub backend.
10.6468 	EXP 	window1: mouseVisible = True
10.6500 	EXP 	Created Yes = TextStim(__class__=<class 'psychopy.visual.text.TextStim'>, alignHoriz=method-wrapper(...), alignText='center', alignVert=method-wrapper(...), anchorHoriz='center', anchorVert='center', antialias=True, autoDraw=False, autoLog=True, bold=False, color=array([-1., -1., -1.]), colorSpace='rgb', contrast=1.0, depth=-3.0, draggable=False, flipHoriz=False, flipVert=False, font='Open Sans', fontFiles=[], height=0.05, italic=False, languageStyle='LTR', name='Yes', opacity=1.0, ori=0.0, pos=array([-0.3, -0.3]), rgb=UNKNOWN, text='Yes', units='height', win=Window(...), wrapWidth=1)
10.6500 	EXP 	window1: mouseVisible = True
10.6524 	EXP 	Created no = TextStim(__class__=<class 'psychopy.visual.text.TextStim'>, alignHoriz=method-wrapper(...), alignText='center', alignVert=method-wrapper(...), anchorHoriz='center', anchorVert='center', antialias=True, autoDraw=False, autoLog=True, bold=False, color=array([-1., -1., -1.]), colorSpace='rgb', contrast=1.0, depth=-4.0, draggable=False, flipHoriz=False, flipVert=False, font='Open Sans', fontFiles=[], height=0.05, italic=False, languageStyle='LTR', name='no', opacity=1.0, ori=0.0, pos=array([ 0.3, -0.3]), rgb=UNKNOWN, text='No', units='height', win=Window(...), wrapWidth=1)
10.6525 	EXP 	window1: mouseVisible = True
10.6619 	EXP 	Created main_image = ImageStim(__class__=<class 'psychopy.visual.image.ImageStim'>, anchor=('center', 'center'), autoLog=True, color=array([1., 1., 1.]), colorSpace='rgb', contrast=1.0, depth=0.0, draggable=False, flipHoriz=False, flipVert=False, image='default.png', interpolate=True, mask=None, maskParams=None, name='main_image', opacity=1.0, ori=0.0, pos=array([0., 0.]), size=array([2. , 0.7]), texRes=128.0, units='height', win=Window(...))
10.6620 	EXP 	window1: mouseVisible = True
10.6628 	EXP 	Created main_early1 = TextStim(__class__=<class 'psychopy.visual.text.TextStim'>, alignHoriz=method-wrapper(...), alignText='center', alignVert=method-wrapper(...), anchorHoriz='center', anchorVert='center', antialias=True, autoDraw=False, autoLog=True, bold=False, color=array([-1., -1., -1.]), colorSpace='rgb', contrast=1.0, depth=-1.0, draggable=False, flipHoriz=False, flipVert=False, font='Open Sans', fontFiles=[], height=0.05, italic=False, languageStyle='LTR', name='main_early1', opacity=1.0, ori=0.0, pos=array([0., 0.]), rgb=UNKNOWN, text='', units='height', win=Window(...), wrapWidth=1)
10.6628 	INFO 	keyboard.Keyboard is using iohub backend.
10.6629 	EXP 	window1: mouseVisible = True
10.6636 	EXP 	Created main_late1 = TextStim(__class__=<class 'psychopy.visual.text.TextStim'>, alignHoriz=method-wrapper(...), alignText='center', alignVert=method-wrapper(...), anchorHoriz='center', anchorVert='center', antialias=True, autoDraw=False, autoLog=True, bold=False, color=array([-1., -1., -1.]), colorSpace='rgb', contrast=1.0, depth=-3.0, draggable=False, flipHoriz=False, flipVert=False, font='Open Sans', fontFiles=[], height=0.05, italic=False, languageStyle='LTR', name='main_late1', opacity=1.0, ori=0.0, pos=array([0., 0.]), rgb=UNKNOWN, text='', units='height', win=Window(...), wrapWidth=1)
10.6637 	EXP 	window1: mouseVisible = True
10.6655 	EXP 	Created fix = TextStim(__class__=<class 'psychopy.visual.text.TextStim'>, alignHoriz=method-wrapper(...), alignText='center', alignVert=method-wrapper(...), anchorHoriz='center', anchorVert='center', antialias=True, autoDraw=False, autoLog=True, bold=False, color=array([-1., -1., -1.]), colorSpace='rgb', contrast=1.0, depth=-4.0, draggable=False, flipHoriz=False, flipVert=False, font='Open Sans', fontFiles=[], height=0.05, italic=False, languageStyle='LTR', name='fix', opacity=1.0, ori=0.0, pos=array([0., 0.]), rgb=UNKNOWN, text='+', units='height', win=Window(...), wrapWidth=1)
10.6656 	EXP 	window1: mouseVisible = True
10.6663 	EXP 	Created question = TextStim(__class__=<class 'psychopy.visual.text.TextStim'>, alignHoriz=method-wrapper(...), alignText='center', alignVert=method-wrapper(...), anchorHoriz='center', anchorVert='center', antialias=True, autoDraw=False, autoLog=True, bold=False, color=array([-1., -1., -1.]), colorSpace='rgb', contrast=1.0, depth=0.0, draggable=False, flipHoriz=False, flipVert=False, font='Open Sans', fontFiles=[], height=0.1, italic=False, languageStyle='LTR', name='question', opacity=1.0, ori=0.0, pos=array([0., 0.]), rgb=UNKNOWN, text='', units='height', win=Window(...), wrapWidth=1)
10.6664 	EXP 	window1: mouseVisible = True
10.6757 	EXP 	Created fengjing = ImageStim(__class__=<class 'psychopy.visual.image.ImageStim'>, anchor=('center', 'center'), autoLog=True, color=array([1., 1., 1.]), colorSpace='rgb', contrast=1.0, depth=-1.0, draggable=False, flipHoriz=False, flipVert=False, image='default.png', interpolate=True, mask=None, maskParams=None, name='fengjing', opacity=1.0, ori=0.0, pos=array([0., 0.]), size=array([2. , 1.5]), texRes=128.0, units='height', win=Window(...))
10.6757 	INFO 	keyboard.Keyboard is using iohub backend.
10.6758 	EXP 	window1: mouseVisible = True
10.6774 	EXP 	Created Yes = TextStim(__class__=<class 'psychopy.visual.text.TextStim'>, alignHoriz=method-wrapper(...), alignText='center', alignVert=method-wrapper(...), anchorHoriz='center', anchorVert='center', antialias=True, autoDraw=False, autoLog=True, bold=False, color=array([-1., -1., -1.]), colorSpace='rgb', contrast=1.0, depth=-3.0, draggable=False, flipHoriz=False, flipVert=False, font='Open Sans', fontFiles=[], height=0.05, italic=False, languageStyle='LTR', name='Yes', opacity=1.0, ori=0.0, pos=array([-0.3, -0.3]), rgb=UNKNOWN, text='Yes', units='height', win=Window(...), wrapWidth=1)
10.6775 	EXP 	window1: mouseVisible = True
10.6790 	EXP 	Created no = TextStim(__class__=<class 'psychopy.visual.text.TextStim'>, alignHoriz=method-wrapper(...), alignText='center', alignVert=method-wrapper(...), anchorHoriz='center', anchorVert='center', antialias=True, autoDraw=False, autoLog=True, bold=False, color=array([-1., -1., -1.]), colorSpace='rgb', contrast=1.0, depth=-4.0, draggable=False, flipHoriz=False, flipVert=False, font='Open Sans', fontFiles=[], height=0.05, italic=False, languageStyle='LTR', name='no', opacity=1.0, ori=0.0, pos=array([ 0.3, -0.3]), rgb=UNKNOWN, text='No', units='height', win=Window(...), wrapWidth=1)
10.6791 	EXP 	window1: mouseVisible = True
10.6883 	EXP 	Created main_image = ImageStim(__class__=<class 'psychopy.visual.image.ImageStim'>, anchor=('center', 'center'), autoLog=True, color=array([1., 1., 1.]), colorSpace='rgb', contrast=1.0, depth=0.0, draggable=False, flipHoriz=False, flipVert=False, image='default.png', interpolate=True, mask=None, maskParams=None, name='main_image', opacity=1.0, ori=0.0, pos=array([0., 0.]), size=array([2. , 0.7]), texRes=128.0, units='height', win=Window(...))
10.6883 	EXP 	window1: mouseVisible = True
10.6891 	EXP 	Created main_early1 = TextStim(__class__=<class 'psychopy.visual.text.TextStim'>, alignHoriz=method-wrapper(...), alignText='center', alignVert=method-wrapper(...), anchorHoriz='center', anchorVert='center', antialias=True, autoDraw=False, autoLog=True, bold=False, color=array([-1., -1., -1.]), colorSpace='rgb', contrast=1.0, depth=-1.0, draggable=False, flipHoriz=False, flipVert=False, font='Open Sans', fontFiles=[], height=0.05, italic=False, languageStyle='LTR', name='main_early1', opacity=1.0, ori=0.0, pos=array([0., 0.]), rgb=UNKNOWN, text='', units='height', win=Window(...), wrapWidth=1)
10.6891 	INFO 	keyboard.Keyboard is using iohub backend.
10.6892 	EXP 	window1: mouseVisible = True
10.6899 	EXP 	Created main_late1 = TextStim(__class__=<class 'psychopy.visual.text.TextStim'>, alignHoriz=method-wrapper(...), alignText='center', alignVert=method-wrapper(...), anchorHoriz='center', anchorVert='center', antialias=True, autoDraw=False, autoLog=True, bold=False, color=array([-1., -1., -1.]), colorSpace='rgb', contrast=1.0, depth=-3.0, draggable=False, flipHoriz=False, flipVert=False, font='Open Sans', fontFiles=[], height=0.05, italic=False, languageStyle='LTR', name='main_late1', opacity=1.0, ori=0.0, pos=array([0., 0.]), rgb=UNKNOWN, text='', units='height', win=Window(...), wrapWidth=1)
10.6900 	EXP 	window1: mouseVisible = True
10.6915 	EXP 	Created fix = TextStim(__class__=<class 'psychopy.visual.text.TextStim'>, alignHoriz=method-wrapper(...), alignText='center', alignVert=method-wrapper(...), anchorHoriz='center', anchorVert='center', antialias=True, autoDraw=False, autoLog=True, bold=False, color=array([-1., -1., -1.]), colorSpace='rgb', contrast=1.0, depth=-4.0, draggable=False, flipHoriz=False, flipVert=False, font='Open Sans', fontFiles=[], height=0.05, italic=False, languageStyle='LTR', name='fix', opacity=1.0, ori=0.0, pos=array([0., 0.]), rgb=UNKNOWN, text='+', units='height', win=Window(...), wrapWidth=1)
10.6916 	EXP 	window1: mouseVisible = True
10.6923 	EXP 	Created question = TextStim(__class__=<class 'psychopy.visual.text.TextStim'>, alignHoriz=method-wrapper(...), alignText='center', alignVert=method-wrapper(...), anchorHoriz='center', anchorVert='center', antialias=True, autoDraw=False, autoLog=True, bold=False, color=array([-1., -1., -1.]), colorSpace='rgb', contrast=1.0, depth=0.0, draggable=False, flipHoriz=False, flipVert=False, font='Open Sans', fontFiles=[], height=0.1, italic=False, languageStyle='LTR', name='question', opacity=1.0, ori=0.0, pos=array([0., 0.]), rgb=UNKNOWN, text='', units='height', win=Window(...), wrapWidth=1)
10.6924 	EXP 	window1: mouseVisible = True
10.7016 	EXP 	Created fengjing = ImageStim(__class__=<class 'psychopy.visual.image.ImageStim'>, anchor=('center', 'center'), autoLog=True, color=array([1., 1., 1.]), colorSpace='rgb', contrast=1.0, depth=-1.0, draggable=False, flipHoriz=False, flipVert=False, image='default.png', interpolate=True, mask=None, maskParams=None, name='fengjing', opacity=1.0, ori=0.0, pos=array([0., 0.]), size=array([2. , 1.5]), texRes=128.0, units='height', win=Window(...))
10.7016 	INFO 	keyboard.Keyboard is using iohub backend.
10.7017 	EXP 	window1: mouseVisible = True
10.7033 	EXP 	Created Yes = TextStim(__class__=<class 'psychopy.visual.text.TextStim'>, alignHoriz=method-wrapper(...), alignText='center', alignVert=method-wrapper(...), anchorHoriz='center', anchorVert='center', antialias=True, autoDraw=False, autoLog=True, bold=False, color=array([-1., -1., -1.]), colorSpace='rgb', contrast=1.0, depth=-3.0, draggable=False, flipHoriz=False, flipVert=False, font='Open Sans', fontFiles=[], height=0.05, italic=False, languageStyle='LTR', name='Yes', opacity=1.0, ori=0.0, pos=array([-0.3, -0.3]), rgb=UNKNOWN, text='Yes', units='height', win=Window(...), wrapWidth=1)
10.7034 	EXP 	window1: mouseVisible = True
10.7049 	EXP 	Created no = TextStim(__class__=<class 'psychopy.visual.text.TextStim'>, alignHoriz=method-wrapper(...), alignText='center', alignVert=method-wrapper(...), anchorHoriz='center', anchorVert='center', antialias=True, autoDraw=False, autoLog=True, bold=False, color=array([-1., -1., -1.]), colorSpace='rgb', contrast=1.0, depth=-4.0, draggable=False, flipHoriz=False, flipVert=False, font='Open Sans', fontFiles=[], height=0.05, italic=False, languageStyle='LTR', name='no', opacity=1.0, ori=0.0, pos=array([ 0.3, -0.3]), rgb=UNKNOWN, text='No', units='height', win=Window(...), wrapWidth=1)
10.7050 	EXP 	window1: mouseVisible = True
10.7141 	EXP 	Created main_image = ImageStim(__class__=<class 'psychopy.visual.image.ImageStim'>, anchor=('center', 'center'), autoLog=True, color=array([1., 1., 1.]), colorSpace='rgb', contrast=1.0, depth=0.0, draggable=False, flipHoriz=False, flipVert=False, image='default.png', interpolate=True, mask=None, maskParams=None, name='main_image', opacity=1.0, ori=0.0, pos=array([0., 0.]), size=array([2. , 0.7]), texRes=128.0, units='height', win=Window(...))
10.7142 	EXP 	window1: mouseVisible = True
10.7150 	EXP 	Created main_early1 = TextStim(__class__=<class 'psychopy.visual.text.TextStim'>, alignHoriz=method-wrapper(...), alignText='center', alignVert=method-wrapper(...), anchorHoriz='center', anchorVert='center', antialias=True, autoDraw=False, autoLog=True, bold=False, color=array([-1., -1., -1.]), colorSpace='rgb', contrast=1.0, depth=-1.0, draggable=False, flipHoriz=False, flipVert=False, font='Open Sans', fontFiles=[], height=0.05, italic=False, languageStyle='LTR', name='main_early1', opacity=1.0, ori=0.0, pos=array([0., 0.]), rgb=UNKNOWN, text='', units='height', win=Window(...), wrapWidth=1)
10.7150 	INFO 	keyboard.Keyboard is using iohub backend.
10.7151 	EXP 	window1: mouseVisible = True
10.7158 	EXP 	Created main_late1 = TextStim(__class__=<class 'psychopy.visual.text.TextStim'>, alignHoriz=method-wrapper(...), alignText='center', alignVert=method-wrapper(...), anchorHoriz='center', anchorVert='center', antialias=True, autoDraw=False, autoLog=True, bold=False, color=array([-1., -1., -1.]), colorSpace='rgb', contrast=1.0, depth=-3.0, draggable=False, flipHoriz=False, flipVert=False, font='Open Sans', fontFiles=[], height=0.05, italic=False, languageStyle='LTR', name='main_late1', opacity=1.0, ori=0.0, pos=array([0., 0.]), rgb=UNKNOWN, text='', units='height', win=Window(...), wrapWidth=1)
10.7159 	EXP 	window1: mouseVisible = True
10.7176 	EXP 	Created fix = TextStim(__class__=<class 'psychopy.visual.text.TextStim'>, alignHoriz=method-wrapper(...), alignText='center', alignVert=method-wrapper(...), anchorHoriz='center', anchorVert='center', antialias=True, autoDraw=False, autoLog=True, bold=False, color=array([-1., -1., -1.]), colorSpace='rgb', contrast=1.0, depth=-4.0, draggable=False, flipHoriz=False, flipVert=False, font='Open Sans', fontFiles=[], height=0.05, italic=False, languageStyle='LTR', name='fix', opacity=1.0, ori=0.0, pos=array([0., 0.]), rgb=UNKNOWN, text='+', units='height', win=Window(...), wrapWidth=1)
10.7177 	EXP 	window1: mouseVisible = True
10.7369 	EXP 	Created theend = TextStim(__class__=<class 'psychopy.visual.text.TextStim'>, alignHoriz=method-wrapper(...), alignText='center', alignVert=method-wrapper(...), anchorHoriz='center', anchorVert='center', antialias=True, autoDraw=False, autoLog=True, bold=False, color=array([-1., -1., -1.]), colorSpace='rgb', contrast=1.0, depth=0.0, draggable=False, flipHoriz=False, flipVert=False, font='NanumGothic', fontFiles=[], height=0.1, italic=False, languageStyle='LTR', name='theend', opacity=1.0, ori=0.0, pos=array([0., 0.]), rgb=UNKNOWN, text=str(...), units='height', win=Window(...), wrapWidth=1)
0.0355 	WARNING 	t of last frame was 31.49ms (=1/31)
0.0355 	EXP 	intro_1: autoDraw = True
2.0110 	INFO 	Keyboard events cleared
2.0106 	EXP 	intro_1: autoDraw = False
2.0106 	EXP 	intro_2: autoDraw = True
4.3350 	DATA 	Keypress: right
4.3381 	WARNING 	t of last frame was 49.49ms (=1/20)
6.1795 	DATA 	Keypress: space
6.1846 	INFO 	Keyboard events cleared
6.1841 	EXP 	intro_2: autoDraw = False
6.1841 	EXP 	Intro_3: autoDraw = True
6.2057 	WARNING 	t of last frame was 21.60ms (=1/46)
6.8085 	DATA 	Keypress: space
6.8118 	INFO 	Keyboard events cleared
6.8114 	EXP 	Intro_3: autoDraw = False
6.8114 	EXP 	Intro_4: autoDraw = True
7.4425 	EXP 	Created sequence: sequential, trialTypes=1, nReps=3, seed=None
7.4428 	EXP 	New trial (rep=0, index=0): None
7.4751 	DATA 	Keypress: space
7.4783 	INFO 	Keyboard events cleared
7.4780 	WARNING 	t of last frame was 39.19ms (=1/25)
7.4780 	EXP 	Intro_4: autoDraw = False
7.4780 	EXP 	pracintro: height = 0.05
7.4780 	EXP 	pracintro: height = 0.05
7.4780 	EXP 	pracintro: height = 0.05
7.4780 	EXP 	pracintro: text = ' \n\nBefore participating in the experiment, we will pratice first.  \n\n In order to start the experiment, you must get at least 90% correct in the practice round. \n\n If you understand the explanation, please press the space bar. '
7.4780 	EXP 	pracintro: autoDraw = True
8.0045 	DEBUG 	Read excel file with openpyxl: Practice_Eng.xlsx
8.0094 	EXP 	Imported Practice_Eng.xlsx as conditions, 20 conditions, 11 params
8.0116 	EXP 	Created sequence: random, trialTypes=20, nReps=1, seed=None
8.0118 	EXP 	New trial (rep=0, index=0): {'No': None, 'Category': None, 'earlier_stim': None, 'later_stim': None, 'conguency': None, 'orientation': None, 'instruction': None, 'corr_resp': None, 'Instruction_stim': None, 'early_position': None, 'late_position': None}
8.0136 	DATA 	Keypress: space
8.0159 	WARNING 	Multiple dropped frames have occurred - I'll stop bothering you about them!
8.0159 	EXP 	pracintro: autoDraw = False
8.0159 	EXP 	image: image = None
8.0159 	EXP 	image: autoDraw = True
8.9964 	EXP 	window1: mouseVisible = True
8.9996 	DEBUG 	Saving data for ET eng ExperimentHandler
9.0009 	INFO 	saved data to /Users/Tracey/Desktop/Teachers College Columbia/Gordon Lab/Temporal spacial/Psychopy/et_eng/data/01_ET eng_2023-11-07_21h55.55.256.psydat
9.0019 	INFO 	saved data to '/Users/Tracey/Desktop/Teachers College Columbia/Gordon Lab/Temporal spacial/Psychopy/et_eng/data/01_ET eng_2023-11-07_21h55.55.256.csv'
