54.8762 	INFO 	Loaded monitor calibration from ['2023_03_30 14:40']
55.7272 	DEBUG 	TextBox2 loaded 1 chars with 0 blanks and 1 valid
55.7284 	DEBUG 	TextBox2 loaded 1 chars with 0 blanks and 1 valid
55.7297 	DEBUG 	TextBox2 loaded 1 chars with 0 blanks and 1 valid
55.7312 	DEBUG 	TextBox2 loaded 1 chars with 0 blanks and 1 valid
55.7327 	DEBUG 	TextBox2 loaded 1 chars with 0 blanks and 1 valid
55.7336 	DEBUG 	TextBox2 loaded 1 chars with 0 blanks and 1 valid
55.7347 	DEBUG 	TextBox2 loaded 1 chars with 0 blanks and 1 valid
55.7363 	DEBUG 	TextBox2 loaded 1 chars with 0 blanks and 1 valid
55.7370 	DEBUG 	TextBox2 loaded 1 chars with 0 blanks and 1 valid
55.7376 	DEBUG 	TextBox2 loaded 1 chars with 0 blanks and 1 valid
55.7389 	DEBUG 	TextBox2 loaded 1 chars with 0 blanks and 1 valid
55.7401 	DEBUG 	TextBox2 loaded 1 chars with 0 blanks and 1 valid
55.7412 	DEBUG 	TextBox2 loaded 1 chars with 0 blanks and 1 valid
55.7424 	DEBUG 	TextBox2 loaded 1 chars with 0 blanks and 1 valid
55.7434 	DEBUG 	TextBox2 loaded 1 chars with 0 blanks and 1 valid
55.7446 	DEBUG 	TextBox2 loaded 1 chars with 0 blanks and 1 valid
55.7456 	DEBUG 	TextBox2 loaded 1 chars with 0 blanks and 1 valid
55.7463 	DEBUG 	TextBox2 loaded 1 chars with 0 blanks and 1 valid
55.7471 	DEBUG 	TextBox2 loaded 1 chars with 0 blanks and 1 valid
55.7485 	DEBUG 	TextBox2 loaded 1 chars with 0 blanks and 1 valid
55.7492 	DEBUG 	TextBox2 loaded 1 chars with 0 blanks and 1 valid
55.7495 	DEBUG 	Uploading Texture Font fontname to graphics card
55.7617 	DEBUG 	Upload of Texture Font fontname complete
55.7768 	DEBUG 	TextBox2 loaded 1 chars with 0 blanks and 1 valid
55.7784 	DEBUG 	TextBox2 loaded 1 chars with 0 blanks and 1 valid
55.7799 	DEBUG 	TextBox2 loaded 1 chars with 0 blanks and 1 valid
55.7801 	DEBUG 	Uploading Texture Font fontname to graphics card
55.7911 	DEBUG 	Upload of Texture Font fontname complete
56.1357 	EXP 	Created window1 = Window(allowGUI=True, allowStencil=False, autoLog=True, backendConf=UNKNOWN, backgroundFit=<method-wrapper '__getattribute__' of attributeSetter object at 0x0000022F306083D0>, backgroundImage=<method-wrapper '__getattribute__' of attributeSetter object at 0x0000022F30608370>, bitsMode=UNKNOWN, blendMode='avg', bpc=(8, 8, 8), color=array([0, 0, 0]), colorSpace='rgb', depthBits=8, fullscr=<method-wrapper '__getattribute__' of attributeSetter object at 0x0000022F306081C0>, gamma=None, gammaErrorPolicy='raise', lms=UNKNOWN, monitor=<psychopy.monitors.calibTools.Monitor object at 0x0000022F308A8670>, multiSample=False, name='window1', numSamples=2, pos=(320, 60), screen=0, size=array([1280,  960]), stencilBits=0, stereo=False, title='PsychoPy', units='height', useFBO=True, useRetina=False, viewOri=0.0, viewPos=None, viewScale=None, waitBlanking=True, winType='pyglet')
56.1358 	EXP 	window1: mouseVisible = True
56.1359 	EXP 	window1: backgroundImage = ''
56.1359 	EXP 	window1: backgroundFit = 'none'
56.1376 	EXP 	window1: Attempting to measure frame rate of screen (0) ...
56.1376 	EXP 	window1: recordFrameIntervals = False
56.3027 	EXP 	window1: recordFrameIntervals = True
56.4863 	EXP 	Screen (0) actual frame rate measured at 60.08Hz
56.4864 	EXP 	window1: recordFrameIntervals = False
56.4865 	EXP 	window1: mouseVisible = True
56.5186 	WARNING 	launchHubServer: If using the iohub mouse or eyetracker devices, fullScr should be True.
57.9028 	EXP 	window1: mouseVisible = True
57.9036 	DEBUG 	Saving data for ETchi ExperimentHandler
57.9051 	INFO 	saved data to C:\Users\LangCog\Desktop\Erxiao Wang & Wanjun Xiong\2023Fall_psychopy\et-project_chi\data/1111\_ETchi_2023-11-06_16h03.56.345.psydat
57.9062 	INFO 	saved data to 'C:\\Users\\LangCog\\Desktop\\Erxiao Wang & Wanjun Xiong\\2023Fall_psychopy\\et-project_chi\\data/1111\\_ETchi_2023-11-06_16h03.56.345.csv'
